2021-02-02 18:21:50,995 [INFO] Activator:178 - 


2021-02-02 18:21:51,067 [INFO] Activator:179 - !SESSION log4j initialized
2021-02-02 18:22:05,710 [INFO] ApplicationProperties:181 - Using Application install path: C:\ST\STM32CubeIDE_1.4.0\STM32CubeIDE\plugins\com.st.stm32cube.common.mx_6.0.1.202008101643
2021-02-02 18:22:06,244 [INFO] DbMcusXml:70 - Set database path to: C:\ST\STM32CubeIDE_1.4.0\STM32CubeIDE\plugins\com.st.stm32cube.common.mx_6.0.1.202008101643\\db\/mcu/
2021-02-02 18:22:06,262 [INFO] DbBoardsPdsc:56 - Set plugin database path to: C:\ST\STM32CubeIDE_1.4.0\STM32CubeIDE\plugins\com.st.stm32cube.common.mx_6.0.1.202008101643\\db\/plugins/boardmanager/
2021-02-02 18:22:06,263 [INFO] DbMcus:258 - Set plugin images path to: C:\ST\STM32CubeIDE_1.4.0\STM32CubeIDE\plugins\com.st.stm32cube.common.mx_6.0.1.202008101643\\db\/plugins/mcufinder/images/
2021-02-02 18:22:06,264 [INFO] DbBoards:264 - Set plugin images path to: C:\ST\STM32CubeIDE_1.4.0\STM32CubeIDE\plugins\com.st.stm32cube.common.mx_6.0.1.202008101643\\db\/plugins/mcufinder/images/
2021-02-02 18:22:06,270 [INFO] DbExamples:326 - Set plugin images path to: C:\ST\STM32CubeIDE_1.4.0\STM32CubeIDE\plugins\com.st.stm32cube.common.mx_6.0.1.202008101643\\db\/plugins/mcufinder/images/
2021-02-02 18:22:06,346 [INFO] DbMcusDocs:112 - Set database path to: C:\Users\Михаил\.stmcufinder\plugins\mcufinder//mcu/
2021-02-02 18:22:06,351 [INFO] DbMcusJson:63 - Set database path to: C:\Users\Михаил\.stmcufinder\plugins\mcufinder//mcu/
2021-02-02 18:22:06,353 [INFO] DbBoardsDocs:112 - Set database path to: C:\Users\Михаил\.stmcufinder\plugins\mcufinder//mcu/
2021-02-02 18:22:06,368 [INFO] DbBoardsJson:56 - Set database path to: C:\Users\Михаил\.stmcufinder\plugins\mcufinder//mcu/
2021-02-02 18:22:06,420 [INFO] CrossReferenceDbSqlite:196 - Set database path to: C:\Users\Михаил\.stmcufinder\plugins\mcufinder//mcu/cs/
2021-02-02 18:22:06,431 [INFO] DbExamplesSqlite:800 - Set database path to: C:\Users\Михаил\.stmcufinder\plugins\mcufinder//mcu/
2021-02-02 18:22:07,532 [INFO] RulesReader:52 - Compatibility file has been processed (209 Rules)
2021-02-02 18:22:08,653 [INFO] MicroXplorer:564 - Detected Java Version = 1.8.0_252
2021-02-02 18:22:08,654 [INFO] DbMcusXml:70 - Set database path to: C:\ST\STM32CubeIDE_1.4.0\STM32CubeIDE\plugins\com.st.stm32cube.common.mx_6.0.1.202008101643\\db\/mcu/
2021-02-02 18:22:08,655 [INFO] DbBoardsPdsc:56 - Set plugin database path to: C:\ST\STM32CubeIDE_1.4.0\STM32CubeIDE\plugins\com.st.stm32cube.common.mx_6.0.1.202008101643\\db\/plugins/boardmanager/
2021-02-02 18:22:08,660 [INFO] DbMcus:258 - Set plugin images path to: C:\ST\STM32CubeIDE_1.4.0\STM32CubeIDE\plugins\com.st.stm32cube.common.mx_6.0.1.202008101643\\db\/plugins/mcufinder/images/
2021-02-02 18:22:08,661 [INFO] DbBoards:264 - Set plugin images path to: C:\ST\STM32CubeIDE_1.4.0\STM32CubeIDE\plugins\com.st.stm32cube.common.mx_6.0.1.202008101643\\db\/plugins/mcufinder/images/
2021-02-02 18:22:08,662 [INFO] DbExamples:326 - Set plugin images path to: C:\ST\STM32CubeIDE_1.4.0\STM32CubeIDE\plugins\com.st.stm32cube.common.mx_6.0.1.202008101643\\db\/plugins/mcufinder/images/
2021-02-02 18:22:08,662 [WARN] DbFile:36 - Overriding database path with different value: C:\Users\Михаил\.stmcufinder\plugins\mcufinder/ => C:\Users\Михаил\.stmcufinder\plugins\mcufinder
2021-02-02 18:22:08,663 [INFO] DbMcusDocs:112 - Set database path to: C:\Users\Михаил\.stmcufinder\plugins\mcufinder//mcu/
2021-02-02 18:22:08,663 [WARN] DbFile:36 - Overriding database path with different value: C:\Users\Михаил\.stmcufinder\plugins\mcufinder/ => C:\Users\Михаил\.stmcufinder\plugins\mcufinder
2021-02-02 18:22:08,663 [INFO] DbMcusJson:63 - Set database path to: C:\Users\Михаил\.stmcufinder\plugins\mcufinder//mcu/
2021-02-02 18:22:08,664 [WARN] DbFile:36 - Overriding database path with different value: C:\Users\Михаил\.stmcufinder\plugins\mcufinder/ => C:\Users\Михаил\.stmcufinder\plugins\mcufinder
2021-02-02 18:22:08,665 [INFO] DbBoardsDocs:112 - Set database path to: C:\Users\Михаил\.stmcufinder\plugins\mcufinder//mcu/
2021-02-02 18:22:08,666 [WARN] DbFile:36 - Overriding database path with different value: C:\Users\Михаил\.stmcufinder\plugins\mcufinder/ => C:\Users\Михаил\.stmcufinder\plugins\mcufinder
2021-02-02 18:22:08,666 [INFO] DbBoardsJson:56 - Set database path to: C:\Users\Михаил\.stmcufinder\plugins\mcufinder//mcu/
2021-02-02 18:22:08,667 [WARN] DbFile:36 - Overriding database path with different value: C:\Users\Михаил\.stmcufinder\plugins\mcufinder/ => C:\Users\Михаил\.stmcufinder\plugins\mcufinder
2021-02-02 18:22:08,667 [WARN] DbFile:36 - Overriding database path with different value: C:\Users\Михаил\.stmcufinder\plugins\mcufinder/ => C:\Users\Михаил\.stmcufinder\plugins\mcufinder
2021-02-02 18:22:08,689 [INFO] CrossReferenceDbSqlite:196 - Set database path to: C:\Users\Михаил\.stmcufinder\plugins\mcufinder//mcu/cs/
2021-02-02 18:22:08,689 [WARN] DbFile:36 - Overriding database path with different value: C:\Users\Михаил\.stmcufinder\plugins\mcufinder/ => C:\Users\Михаил\.stmcufinder\plugins\mcufinder
2021-02-02 18:22:08,690 [INFO] DbExamplesSqlite:800 - Set database path to: C:\Users\Михаил\.stmcufinder\plugins\mcufinder//mcu/
2021-02-02 18:22:09,723 [INFO] MainPanel:189 - HeapMemory: 268435456
2021-02-02 18:22:10,373 [INFO] DbMcusXml:70 - Set database path to: C:\ST\STM32CubeIDE_1.4.0\STM32CubeIDE\plugins\com.st.stm32cube.common.mx_6.0.1.202008101643\\db\/mcu/
2021-02-02 18:22:10,374 [INFO] DbBoardsPdsc:56 - Set plugin database path to: C:\ST\STM32CubeIDE_1.4.0\STM32CubeIDE\plugins\com.st.stm32cube.common.mx_6.0.1.202008101643\\db\/plugins/boardmanager/
2021-02-02 18:22:10,374 [INFO] DbMcus:258 - Set plugin images path to: C:\ST\STM32CubeIDE_1.4.0\STM32CubeIDE\plugins\com.st.stm32cube.common.mx_6.0.1.202008101643\\db\/plugins/mcufinder/images/
2021-02-02 18:22:10,375 [INFO] DbBoards:264 - Set plugin images path to: C:\ST\STM32CubeIDE_1.4.0\STM32CubeIDE\plugins\com.st.stm32cube.common.mx_6.0.1.202008101643\\db\/plugins/mcufinder/images/
2021-02-02 18:22:10,375 [INFO] DbExamples:326 - Set plugin images path to: C:\ST\STM32CubeIDE_1.4.0\STM32CubeIDE\plugins\com.st.stm32cube.common.mx_6.0.1.202008101643\\db\/plugins/mcufinder/images/
2021-02-02 18:22:10,389 [WARN] DbFile:36 - Overriding database path with different value: C:\Users\Михаил\.stmcufinder\plugins\mcufinder/ => C:\Users\Михаил\.stmcufinder\plugins\mcufinder
2021-02-02 18:22:10,390 [INFO] DbMcusDocs:112 - Set database path to: C:\Users\Михаил\.stmcufinder\plugins\mcufinder//mcu/
2021-02-02 18:22:10,390 [WARN] DbFile:36 - Overriding database path with different value: C:\Users\Михаил\.stmcufinder\plugins\mcufinder/ => C:\Users\Михаил\.stmcufinder\plugins\mcufinder
2021-02-02 18:22:10,390 [INFO] DbMcusJson:63 - Set database path to: C:\Users\Михаил\.stmcufinder\plugins\mcufinder//mcu/
2021-02-02 18:22:10,391 [WARN] DbFile:36 - Overriding database path with different value: C:\Users\Михаил\.stmcufinder\plugins\mcufinder/ => C:\Users\Михаил\.stmcufinder\plugins\mcufinder
2021-02-02 18:22:10,391 [INFO] DbBoardsDocs:112 - Set database path to: C:\Users\Михаил\.stmcufinder\plugins\mcufinder//mcu/
2021-02-02 18:22:10,391 [WARN] DbFile:36 - Overriding database path with different value: C:\Users\Михаил\.stmcufinder\plugins\mcufinder/ => C:\Users\Михаил\.stmcufinder\plugins\mcufinder
2021-02-02 18:22:10,392 [INFO] DbBoardsJson:56 - Set database path to: C:\Users\Михаил\.stmcufinder\plugins\mcufinder//mcu/
2021-02-02 18:22:10,392 [WARN] DbFile:36 - Overriding database path with different value: C:\Users\Михаил\.stmcufinder\plugins\mcufinder/ => C:\Users\Михаил\.stmcufinder\plugins\mcufinder
2021-02-02 18:22:10,392 [WARN] DbFile:36 - Overriding database path with different value: C:\Users\Михаил\.stmcufinder\plugins\mcufinder/ => C:\Users\Михаил\.stmcufinder\plugins\mcufinder
2021-02-02 18:22:10,393 [INFO] CrossReferenceDbSqlite:196 - Set database path to: C:\Users\Михаил\.stmcufinder\plugins\mcufinder//mcu/cs/
2021-02-02 18:22:10,394 [WARN] DbFile:36 - Overriding database path with different value: C:\Users\Михаил\.stmcufinder\plugins\mcufinder/ => C:\Users\Михаил\.stmcufinder\plugins\mcufinder
2021-02-02 18:22:10,396 [INFO] DbExamplesSqlite:800 - Set database path to: C:\Users\Михаил\.stmcufinder\plugins\mcufinder//mcu/
2021-02-02 18:22:10,533 [INFO] ApplicationProperties:181 - Using Application install path: C:\ST\STM32CubeIDE_1.4.0\STM32CubeIDE\plugins\com.st.stm32cube.common.mx_6.0.1.202008101643
2021-02-02 18:22:10,538 [INFO] PluginManage:178 - Search for loadable plugins [exclusion list=, ]
2021-02-02 18:22:10,557 [INFO] PluginManage:292 - Check plugin analytics
2021-02-02 18:22:11,077 [INFO] AnalyticsPlugin:203 - Accepted Software Licenses: 
2021-02-02 18:22:11,077 [INFO] AnalyticsPlugin:205 - Accepted CMSIS Pack Licenses: 
2021-02-02 18:22:11,078 [INFO] AnalyticsPlugin:207 - Accepted Firmware Licenses: 
2021-02-02 18:22:11,079 [INFO] PluginManage:342 - Loaded plugin analytics (category:tool,tabindex:-1)
2021-02-02 18:22:11,079 [INFO] PluginManage:292 - Check plugin clock
2021-02-02 18:22:11,126 [INFO] PluginManage:342 - Loaded plugin clock (category:base,tabindex:2)
2021-02-02 18:22:11,127 [INFO] PluginManage:292 - Check plugin ddr
2021-02-02 18:22:11,143 [INFO] PluginManage:342 - Loaded plugin ddr (category:tool,tabindex:6)
2021-02-02 18:22:11,144 [INFO] PluginManage:292 - Check plugin filemanager
2021-02-02 18:22:11,749 [INFO] PluginManage:342 - Loaded plugin filemanager (category:base,tabindex:10)
2021-02-02 18:22:11,749 [INFO] PluginManage:292 - Check plugin ipmanager
2021-02-02 18:22:11,808 [INFO] PluginManage:342 - Loaded plugin ipmanager (category:base,tabindex:5)
2021-02-02 18:22:11,808 [INFO] PluginManage:292 - Check plugin pinoutandconfiguration
2021-02-02 18:22:11,855 [INFO] PluginManage:342 - Loaded plugin pinoutandconfiguration (category:base,tabindex:1)
2021-02-02 18:22:11,856 [INFO] PluginManage:292 - Check plugin pinoutconfig
2021-02-02 18:22:12,064 [INFO] PluginManage:342 - Loaded plugin pinoutconfig (category:base,tabindex:0)
2021-02-02 18:22:12,065 [INFO] PluginManage:292 - Check plugin power
2021-02-02 18:22:12,139 [INFO] PluginManage:342 - Loaded plugin power (category:power,tabindex:4)
2021-02-02 18:22:12,140 [INFO] PluginManage:292 - Check plugin projectmanager
2021-02-02 18:22:12,189 [INFO] PluginManage:342 - Loaded plugin projectmanager (category:projectmanager,tabindex:3)
2021-02-02 18:22:12,190 [INFO] PluginManage:292 - Check plugin thirdparty
2021-02-02 18:22:12,938 [INFO] ThirdPartyDb:333 - Open Third Party DataBase File (C:/Users/Михаил/.stm32cubemx/plugins/thirdparty/db/thirdparties_db.xml) : 180 ms. number of Sw pack : 38
2021-02-02 18:22:12,967 [INFO] PluginManage:342 - Loaded plugin thirdparty (category:base,tabindex:-1)
2021-02-02 18:22:12,967 [INFO] PluginManage:292 - Check plugin tools
2021-02-02 18:22:12,982 [INFO] PluginManage:342 - Loaded plugin tools (category:base,tabindex:7)
2021-02-02 18:22:12,982 [INFO] PluginManage:292 - Check plugin tutovideos
2021-02-02 18:22:13,821 [INFO] PluginManage:342 - Loaded plugin tutovideos (category:base,tabindex:-1)
2021-02-02 18:22:13,822 [INFO] PluginManage:292 - Check plugin updater
2021-02-02 18:22:14,055 [INFO] PluginManage:342 - Loaded plugin updater (category:base,tabindex:12)
2021-02-02 18:22:14,056 [INFO] PluginManage:265 - PluginManage : Loaded plugins [13]
2021-02-02 18:22:15,618 [INFO] PinOutPanel:1418 - setPackage(No Configuration,No Configuration)
2021-02-02 18:22:15,976 [INFO] IPUIPlugin:64 - create IPUIPlugin
2021-02-02 18:22:15,977 [INFO] PluginManager:200 - loadIPPluginJar : add adc
2021-02-02 18:22:15,992 [INFO] IPUIPlugin:64 - create IPUIPlugin
2021-02-02 18:22:15,992 [INFO] PluginManager:200 - loadIPPluginJar : add aes
2021-02-02 18:22:15,998 [INFO] IPUIPlugin:64 - create IPUIPlugin
2021-02-02 18:22:15,999 [INFO] PluginManager:200 - loadIPPluginJar : add can
2021-02-02 18:22:16,002 [INFO] IPUIPlugin:64 - create IPUIPlugin
2021-02-02 18:22:16,003 [INFO] PluginManager:200 - loadIPPluginJar : add comp
2021-02-02 18:22:16,009 [INFO] IPUIPlugin:64 - create IPUIPlugin
2021-02-02 18:22:16,009 [INFO] PluginManager:200 - loadIPPluginJar : add cryp
2021-02-02 18:22:16,016 [INFO] IPUIPlugin:64 - create IPUIPlugin
2021-02-02 18:22:16,017 [INFO] PluginManager:200 - loadIPPluginJar : add dfsdm
2021-02-02 18:22:16,031 [INFO] IPUIPlugin:64 - create IPUIPlugin
2021-02-02 18:22:16,033 [INFO] PluginManager:200 - loadIPPluginJar : add dma
2021-02-02 18:22:16,038 [INFO] IPUIPlugin:64 - create IPUIPlugin
2021-02-02 18:22:16,039 [INFO] PluginManager:200 - loadIPPluginJar : add fatfs
2021-02-02 18:22:16,050 [INFO] IPUIPlugin:64 - create IPUIPlugin
2021-02-02 18:22:16,051 [INFO] PluginManager:200 - loadIPPluginJar : add fmc
2021-02-02 18:22:16,162 [INFO] IPUIPlugin:64 - create IPUIPlugin
2021-02-02 18:22:16,163 [INFO] PluginManager:200 - loadIPPluginJar : add freertos
2021-02-02 18:22:16,166 [INFO] IPUIPlugin:64 - create IPUIPlugin
2021-02-02 18:22:16,167 [INFO] PluginManager:200 - loadIPPluginJar : add genericplugin
2021-02-02 18:22:16,182 [INFO] IPUIPlugin:64 - create IPUIPlugin
2021-02-02 18:22:16,182 [INFO] PluginManager:200 - loadIPPluginJar : add gfxmmu
2021-02-02 18:22:16,216 [INFO] IPUIPlugin:64 - create IPUIPlugin
2021-02-02 18:22:16,217 [INFO] PluginManager:200 - loadIPPluginJar : add gic
2021-02-02 18:22:16,227 [INFO] IPUIPlugin:64 - create IPUIPlugin
2021-02-02 18:22:16,228 [INFO] PluginManager:200 - loadIPPluginJar : add gpio
2021-02-02 18:22:16,233 [INFO] IPUIPlugin:64 - create IPUIPlugin
2021-02-02 18:22:16,240 [INFO] PluginManager:200 - loadIPPluginJar : add gtzc
2021-02-02 18:22:16,250 [INFO] IPUIPlugin:64 - create IPUIPlugin
2021-02-02 18:22:16,250 [INFO] PluginManager:200 - loadIPPluginJar : add hash
2021-02-02 18:22:16,257 [INFO] IPUIPlugin:64 - create IPUIPlugin
2021-02-02 18:22:16,257 [INFO] PluginManager:200 - loadIPPluginJar : add i2c
2021-02-02 18:22:16,263 [INFO] IPUIPlugin:64 - create IPUIPlugin
2021-02-02 18:22:16,263 [INFO] PluginManager:200 - loadIPPluginJar : add i2s
2021-02-02 18:22:16,311 [INFO] IPUIPlugin:64 - create IPUIPlugin
2021-02-02 18:22:16,311 [INFO] PluginManager:200 - loadIPPluginJar : add ipddr
2021-02-02 18:22:16,328 [INFO] IPUIPlugin:64 - create IPUIPlugin
2021-02-02 18:22:16,328 [INFO] PluginManager:200 - loadIPPluginJar : add ltdc
2021-02-02 18:22:16,337 [INFO] IPUIPlugin:64 - create IPUIPlugin
2021-02-02 18:22:16,338 [INFO] PluginManager:200 - loadIPPluginJar : add mdma
2021-02-02 18:22:16,345 [INFO] IPUIPlugin:64 - create IPUIPlugin
2021-02-02 18:22:16,348 [INFO] PluginManager:200 - loadIPPluginJar : add nvic
2021-02-02 18:22:16,354 [INFO] IPUIPlugin:64 - create IPUIPlugin
2021-02-02 18:22:16,355 [INFO] PluginManager:200 - loadIPPluginJar : add opamp
2021-02-02 18:22:16,361 [INFO] IPUIPlugin:64 - create IPUIPlugin
2021-02-02 18:22:16,362 [INFO] PluginManager:200 - loadIPPluginJar : add openamp
2021-02-02 18:22:16,367 [INFO] IPUIPlugin:64 - create IPUIPlugin
2021-02-02 18:22:16,368 [INFO] PluginManager:200 - loadIPPluginJar : add pdm2pcm
2021-02-02 18:22:16,381 [INFO] IPUIPlugin:64 - create IPUIPlugin
2021-02-02 18:22:16,388 [INFO] PluginManager:200 - loadIPPluginJar : add plateformsettings
2021-02-02 18:22:16,392 [INFO] IPUIPlugin:64 - create IPUIPlugin
2021-02-02 18:22:16,393 [INFO] PluginManager:200 - loadIPPluginJar : add quadspi
2021-02-02 18:22:16,400 [INFO] IPUIPlugin:64 - create IPUIPlugin
2021-02-02 18:22:16,405 [INFO] PluginManager:200 - loadIPPluginJar : add resmgrutility
2021-02-02 18:22:16,411 [INFO] IPUIPlugin:64 - create IPUIPlugin
2021-02-02 18:22:16,412 [INFO] PluginManager:200 - loadIPPluginJar : add sai
2021-02-02 18:22:16,417 [INFO] IPUIPlugin:64 - create IPUIPlugin
2021-02-02 18:22:16,420 [INFO] PluginManager:200 - loadIPPluginJar : add spi
2021-02-02 18:22:16,428 [INFO] IPUIPlugin:64 - create IPUIPlugin
2021-02-02 18:22:16,429 [INFO] PluginManager:200 - loadIPPluginJar : add stm32_wpan
2021-02-02 18:22:16,432 [INFO] IPUIPlugin:64 - create IPUIPlugin
2021-02-02 18:22:16,433 [INFO] PluginManager:200 - loadIPPluginJar : add tim
2021-02-02 18:22:16,441 [INFO] IPUIPlugin:64 - create IPUIPlugin
2021-02-02 18:22:16,441 [INFO] PluginManager:200 - loadIPPluginJar : add touchsensing
2021-02-02 18:22:16,445 [INFO] IPUIPlugin:64 - create IPUIPlugin
2021-02-02 18:22:16,446 [INFO] PluginManager:200 - loadIPPluginJar : add tracer_emb
2021-02-02 18:22:16,453 [INFO] IPUIPlugin:64 - create IPUIPlugin
2021-02-02 18:22:16,454 [INFO] PluginManager:200 - loadIPPluginJar : add ts
2021-02-02 18:22:16,457 [INFO] IPUIPlugin:64 - create IPUIPlugin
2021-02-02 18:22:16,458 [INFO] PluginManager:200 - loadIPPluginJar : add tsc
2021-02-02 18:22:16,461 [INFO] IPUIPlugin:64 - create IPUIPlugin
2021-02-02 18:22:16,462 [INFO] PluginManager:200 - loadIPPluginJar : add ucpd
2021-02-02 18:22:16,472 [INFO] IPUIPlugin:64 - create IPUIPlugin
2021-02-02 18:22:16,472 [INFO] PluginManager:200 - loadIPPluginJar : add usart
2021-02-02 18:22:19,036 [INFO] CubeProgrammer:457 - [DDR PANEL] - PathOfProgrammer: null
2021-02-02 18:22:21,239 [FATAL] Updater:282 - Updater called before beeing initialized
2021-02-02 18:22:22,308 [FATAL] Updater:282 - Updater called before beeing initialized
2021-02-02 18:22:22,309 [WARN] ThirdParty:775 - waiting for thirdparty lock release [close project]
2021-02-02 18:22:22,310 [INFO] ThirdParty:777 - entering critical section [close project]
2021-02-02 18:22:22,312 [INFO] ThirdParty:790 - exiting critical section [close project]
2021-02-02 18:22:22,319 [INFO] PinOutPanel:1418 - setPackage(No Configuration,No Configuration)
2021-02-02 18:22:22,321 [FATAL] Updater:282 - Updater called before beeing initialized
2021-02-02 18:22:22,353 [ERROR] Updater:967 - MainUpdater not yet initialized. External WinMGr cannot be set.
2021-02-02 18:22:22,361 [INFO] CubeProgrammer:457 - [DDR PANEL] - PathOfProgrammer: C:\ST\STM32CubeIDE_1.4.0\STM32CubeIDE\plugins\com.st.stm32cube.ide.mcu.externaltools.cubeprogrammer.win32_1.4.0.202007081208\tools\bin
2021-02-02 18:22:22,372 [INFO] ProgrammerExecThread:148 - [ProgrammerAPI] CubeProgrammer command construction: C:\ST\STM32CubeIDE_1.4.0\STM32CubeIDE\plugins\com.st.stm32cube.ide.mcu.externaltools.cubeprogrammer.win32_1.4.0.202007081208\tools\bin\STM32_Programmer_CLI.exe -l
2021-02-02 18:22:23,372 [INFO] MainDdrPanel:49 - [DDR PANEL] SETTER - Set cubeProgrammerPath to: C:\ST\STM32CubeIDE_1.4.0\STM32CubeIDE\plugins\com.st.stm32cube.ide.mcu.externaltools.cubeprogrammer.win32_1.4.0.202007081208\tools\bin
2021-02-02 18:22:23,704 [INFO] Updater:904 - Updater Version found : 6.0.1
2021-02-02 18:22:23,785 [INFO] ApplicationProperties:181 - Using Application install path: C:\ST\STM32CubeIDE_1.4.0\STM32CubeIDE\plugins\com.st.stm32cube.common.mx_6.0.1.202008101643
2021-02-02 18:22:24,863 [INFO] MainUpdater:2268 - connection check result : 10
2021-02-02 18:22:24,866 [INFO] MainUpdater:239 - Updater Check For Update Now.
2021-02-02 18:22:24,867 [INFO] MicroXplorer:414 - Change Database Version : DB.6.0.0
2021-02-02 18:22:25,117 [WARN] IntegrityCheckThread:61 - waiting for thirdparty lock release [integrity check]
2021-02-02 18:22:25,117 [INFO] IntegrityCheckThread:63 - entering critical section [integrity check]
2021-02-02 18:22:25,152 [WARN] MainUpdater:1087 - Updater busy. Cannot search thirdparties
2021-02-02 18:22:26,400 [INFO] CheckServerUpdateThread:102 - End of CheckServer Thread
2021-02-02 18:22:26,507 [INFO] MainUpdater:2268 - connection check result : 10
2021-02-02 18:22:29,114 [INFO] McuFinderGlobals:40 - Set McuFinder mode to 2 (CubeIDE integrated)
2021-02-02 18:22:29,685 [INFO] ThirdPartyDb:299 - Save Third Party DataBase File (C:/Users/Михаил/.stm32cubemx/plugins/thirdparty/db/thirdparties_db.xml) [forced]
2021-02-02 18:22:29,994 [INFO] ThirdPartyDb:299 - Save Third Party DataBase File (C:/Users/Михаил/.stm32cubemx/plugins/thirdparty/db/thirdparties_db.xml) [forced]
2021-02-02 18:22:30,211 [INFO] IntegrityCheckThread:76 - exiting critical section [integrity check]
2021-02-02 18:22:30,211 [INFO] IntegrityCheckThread:79 - End integrity checks thread
2021-02-02 18:22:31,925 [INFO] CrossSelectorPresenter:1330 - Cross Selector saved comparison directory: C:\Users\Михаил\.stmcufinder\plugins\mcufinder\mcu\cs_comparisons_mx
2021-02-02 18:22:31,953 [INFO] MultiScanPanel:193 - Auto-refresh data requested => check proxy status ongoing
2021-02-02 18:22:31,963 [INFO] FinderPluginLoader:87 - Searching for filters in installed packs
2021-02-02 18:22:31,966 [INFO] DbMcusXml:100 - Load MCU database from C:\ST\STM32CubeIDE_1.4.0\STM32CubeIDE\plugins\com.st.stm32cube.common.mx_6.0.1.202008101643\\db\/mcu/families.xml
2021-02-02 18:22:38,599 [INFO] DbMcusJson:92 - JSON generation date=Wed Jan 20 14:17:20 GMT+05:00 2021 (1611134240)
2021-02-02 18:22:40,727 [INFO] DbMcus:175 - Found 1761 MCUs (1722 are supported by CubeMX, 1752 are visible in CubeMX)
2021-02-02 18:22:40,729 [INFO] ApiDb:201 - Load user favorites file C:\Users\Михаил/.stm32cubeide/favorites.mcus.txt: 0 item(s)
2021-02-02 18:22:40,729 [INFO] ApiDb:205 - User favorites MCUs=[]
2021-02-02 18:22:40,729 [INFO] DbMcus:187 - Set 0 / 0 favorites MCUs
2021-02-02 18:22:42,148 [INFO] LoadUrlFilesThread:162 - End of LoadServerUrlFiles without Thread
2021-02-02 18:22:42,379 [INFO] DetailPanel:331 - Set advertising image to C:/Users/Михаил/STM32Cube/Repository/\stm32cubemx-promo_image.jpg
2021-02-02 18:22:43,936 [INFO] McuFilterPanel:245 - Update 0 favorites MCUs
2021-02-02 18:22:44,385 [INFO] DbBoardsPdsc:94 - Found 23 items
2021-02-02 18:22:44,409 [INFO] DbBoardsPdsc:94 - Found 9 items
2021-02-02 18:22:44,427 [INFO] DbBoardsPdsc:94 - Found 29 items
2021-02-02 18:22:44,444 [INFO] DbBoardsPdsc:94 - Found 1 items
2021-02-02 18:22:44,474 [INFO] DbBoardsPdsc:94 - Found 44 items
2021-02-02 18:22:44,501 [INFO] DbBoardsPdsc:94 - Found 40 items
2021-02-02 18:22:44,520 [INFO] DbBoardsPdsc:94 - Found 2 items
2021-02-02 18:22:44,538 [INFO] DbBoardsPdsc:94 - Found 4 items
2021-02-02 18:22:44,561 [WARN] DbBoardsPdsc:258 - Board STM32H7B3I-DK: unknown feature type=Audio, name=, username=Audio stereo codec with Headphone Amp (CS42L51-CNZ), n=1
2021-02-02 18:22:44,562 [WARN] DbBoardsPdsc:258 - Board STM32H735G-DK: unknown feature type=Audio, name=, username=Audio stereo codec with Headphone Amp (WM8994ECS/R), n=1
2021-02-02 18:22:44,566 [WARN] DbBoardsPdsc:258 - Board STM32H7B3I-EVAL: unknown feature type=Audio, name=, username=Multi-Channel Audio Codec (CS42L51-CNZ), n=1
2021-02-02 18:22:44,566 [WARN] DbBoardsPdsc:258 - Board STM32H7B3I-EVAL: unknown feature type=Meter, name=, username=Power-metering and Temperature-monitoring with sigma-delta modulators, n=1
2021-02-02 18:22:44,567 [WARN] DbBoardsPdsc:258 - Board STM32H7B3I-EVAL: unknown feature type=Motor, name=, username=Motor Control, n=1
2021-02-02 18:22:44,755 [INFO] DbBoardsJson:85 - JSON generation date=Wed Jan 20 13:08:10 GMT+05:00 2021 (1611130090)
2021-02-02 18:22:44,767 [INFO] DbBoards:117 - Found 152 boards (149 are supported by CubeMX)
2021-02-02 18:22:44,886 [INFO] DbBoardsDocs:145 - JSON generation date=Wed Jan 20 14:17:20 GMT+05:00 2021 (1611134240)
2021-02-02 18:22:44,929 [INFO] DbBoardsDocs:81 - Found 190 boards documents
2021-02-02 18:22:44,930 [WARN] DbBoards:127 - board B-L462E-CELL1 has no document id list !
2021-02-02 18:22:44,930 [WARN] DbBoards:127 - board B-L475E-IOT01A2 has no document id list !
2021-02-02 18:22:44,932 [WARN] DbBoards:127 - board NUCLEO-G491RE has no document id list !
2021-02-02 18:22:44,933 [WARN] DbBoards:127 - board NUCLEO-H743ZI2 has no document id list !
2021-02-02 18:22:44,934 [WARN] DbBoards:127 - board NUCLEO-WB55RG has no document id list !
2021-02-02 18:22:44,935 [WARN] DbBoards:127 - board P-NUCLEO-WB55-Nucleo has no document id list !
2021-02-02 18:22:44,935 [WARN] DbBoards:127 - board P-NUCLEO-WB55-USBDongle has no document id list !
2021-02-02 18:22:44,935 [WARN] DbBoards:127 - board STEVAL-BFA001V1B has no document id list !
2021-02-02 18:22:44,935 [WARN] DbBoards:127 - board STEVAL-BFA001V2B has no document id list !
2021-02-02 18:22:44,935 [WARN] DbBoards:127 - board STEVAL-IDP005V1 has no document id list !
2021-02-02 18:22:44,936 [WARN] DbBoards:127 - board STEVAL-IDP005V2 has no document id list !
2021-02-02 18:22:44,936 [WARN] DbBoards:127 - board STEVAL-MKSBOX1V1 has no document id list !
2021-02-02 18:22:44,936 [WARN] DbBoards:127 - board STEVAL-STWINKT1 has no document id list !
2021-02-02 18:22:44,937 [WARN] DbBoards:127 - board STM32F401C-DISCO has no document id list !
2021-02-02 18:22:44,938 [WARN] DbBoards:127 - board STM32F769I-DISC1 has no document id list !
2021-02-02 18:22:44,941 [WARN] DbBoards:127 - board STM32G474E-EVAL1 has no document id list !
2021-02-02 18:22:44,942 [WARN] DbBoards:127 - board STM32H743I-EVAL2 has no document id list !
2021-02-02 18:22:44,942 [WARN] DbBoards:127 - board STM32H747I-DISC1 has no document id list !
2021-02-02 18:22:44,943 [WARN] DbBoards:127 - board STM32H753I-EVAL2 has no document id list !
2021-02-02 18:22:44,944 [WARN] DbBoards:127 - board STM32L-DISCOVERY has no document id list !
2021-02-02 18:22:44,945 [WARN] DbBoards:127 - board STM32MP157A-DK1 has no document id list !
2021-02-02 18:22:44,946 [WARN] DbBoards:127 - board STM32MP157F-EV1 has no document id list !
2021-02-02 18:22:45,473 [ERROR] DbBoards:192 - No image file URL for board B-L462E-CELL1
2021-02-02 18:22:49,612 [INFO] ApiDb:201 - Load user favorites file C:\Users\Михаил/.stm32cubeide/favorites.boards.txt: 0 item(s)
2021-02-02 18:22:49,613 [INFO] ApiDb:205 - User favorites Boards=[]
2021-02-02 18:22:49,613 [INFO] DbBoards:206 - Set 0 / 0 favorites Boards
2021-02-02 18:23:10,748 [INFO] DbMcusDocs:145 - JSON generation date=Wed Jan 20 14:17:20 GMT+05:00 2021 (1611134240)
2021-02-02 18:23:11,447 [INFO] DbMcusDocs:81 - Found 614 MCUs documents
2021-02-02 18:23:21,980 [INFO] LogOutputStream:76 - [STDOUT_REDIRECT] withoutVersionV1.11.2
2021-02-02 18:23:21,984 [INFO] LogOutputStream:76 - [STDOUT_REDIRECT] withoutVersionV1.11.1
2021-02-02 18:23:21,987 [INFO] LogOutputStream:76 - [STDOUT_REDIRECT] withoutVersionV1.11.0
2021-02-02 18:23:25,025 [INFO] MainUpdater:2268 - connection check result : 10
2021-02-02 18:23:25,026 [INFO] MainUpdater:2268 - connection check result : 10
2021-02-02 18:23:25,124 [INFO] MicroXplorer:384 - Change Database Path : 
2021-02-02 18:23:25,124 [INFO] MicroXplorer:414 - Change Database Version : DB.6.0.0
2021-02-02 18:23:25,125 [WARN] ThirdParty:775 - waiting for thirdparty lock release [close project]
2021-02-02 18:23:25,125 [INFO] ThirdParty:777 - entering critical section [close project]
2021-02-02 18:23:25,125 [INFO] ThirdParty:790 - exiting critical section [close project]
2021-02-02 18:23:25,132 [INFO] PinOutPanel:1418 - setPackage(No Configuration,No Configuration)
2021-02-02 18:23:25,133 [INFO] UtilMem:74 - Begin LoadConfig() Used Memory: 598316056 Bytes (908066816)
2021-02-02 18:23:25,134 [INFO] MicroXplorer:384 - Change Database Path : 
2021-02-02 18:23:25,134 [INFO] MicroXplorer:414 - Change Database Version : DB.6.0.0
2021-02-02 18:23:25,135 [INFO] OpenFileManager:274 - Change cursor
2021-02-02 18:23:31,495 [INFO] ImportTextPane:162 - (OptionalMessage_ERROR) Unable to find key (Mcu.ThirdPartyNb) in loaded IOC file
2021-02-02 18:23:31,495 [INFO] ImportTextPane:162 - (OptionalMessage_ERROR) Unable to find key (Mcu.PinsNb) in loaded IOC file
2021-02-02 18:23:31,495 [INFO] ImportTextPane:162 - (OptionalMessage_ERROR) Unable to find key (Mcu.IPNb) in loaded IOC file
2021-02-02 18:23:31,629 [WARN] ApiManager:274 - Cannot register API 'Board Extension:S2868A1' from pack STMicroelectronics.X-CUBE-SUBG2.3.0.1: no header file found
2021-02-02 18:23:31,630 [WARN] ApiManager:274 - Cannot register API 'Board Extension:S2868A2' from pack STMicroelectronics.X-CUBE-SUBG2.3.0.1: no header file found
2021-02-02 18:23:31,630 [WARN] ApiManager:274 - Cannot register API 'Board Extension:S2915A1' from pack STMicroelectronics.X-CUBE-SUBG2.3.0.1: no header file found
2021-02-02 18:23:31,636 [WARN] ApiManager:274 - Cannot register API 'Board Extension:S2868A1' from pack STMicroelectronics.X-CUBE-SUBG2.3.0.0: no header file found
2021-02-02 18:23:31,636 [WARN] ApiManager:274 - Cannot register API 'Board Extension:S2868A2' from pack STMicroelectronics.X-CUBE-SUBG2.3.0.0: no header file found
2021-02-02 18:23:31,636 [WARN] ApiManager:274 - Cannot register API 'Board Extension:S2915A1' from pack STMicroelectronics.X-CUBE-SUBG2.3.0.0: no header file found
2021-02-02 18:23:31,638 [WARN] ApiManager:274 - Cannot register API 'Board Extension:S2868A1' from pack STMicroelectronics.X-CUBE-SFXS2LP1.2.0.0: no header file found
2021-02-02 18:23:31,639 [WARN] ApiManager:274 - Cannot register API 'Board Extension:S2868A2' from pack STMicroelectronics.X-CUBE-SFXS2LP1.2.0.0: no header file found
2021-02-02 18:23:31,639 [WARN] ApiManager:274 - Cannot register API 'Board Extension:S2915A1' from pack STMicroelectronics.X-CUBE-SFXS2LP1.2.0.0: no header file found
2021-02-02 18:23:31,686 [INFO] DependencyParser:915 - This component is not compatible with the current MCU : [1600953791491, 1600953791493, 1600953791501]
2021-02-02 18:23:31,686 [INFO] ThirdPartyModel:556 - Component with status : MCU_INCOMPATIBLE for condition : IKS01A3 Accelerometer Calibration Condition id : 1600953781666
2021-02-02 18:23:31,687 [INFO] DependencyParser:915 - This component is not compatible with the current MCU : [1600953791491, 1600953791493, 1600953791501]
2021-02-02 18:23:31,688 [INFO] ThirdPartyModel:556 - Component with status : MCU_INCOMPATIBLE for condition : IKS01A3 Vertical Context Condition id : 1600953781716
2021-02-02 18:23:31,688 [INFO] DependencyParser:915 - This component is not compatible with the current MCU : [1600953791491, 1600953791493, 1600953791501]
2021-02-02 18:23:31,689 [INFO] ThirdPartyModel:556 - Component with status : MCU_INCOMPATIBLE for condition : IKS01A3 Carry Position Condition id : 1600953781734
2021-02-02 18:23:31,689 [INFO] DependencyParser:915 - This component is not compatible with the current MCU : [1600953791491, 1600953791493, 1600953791501]
2021-02-02 18:23:31,690 [INFO] ThirdPartyModel:556 - Component with status : MCU_INCOMPATIBLE for condition : IKS01A3 Gesture Recognition Condition id : 1600953781769
2021-02-02 18:23:31,690 [INFO] DependencyParser:915 - This component is not compatible with the current MCU : [1600953791491, 1600953791493, 1600953791501]
2021-02-02 18:23:31,690 [INFO] ThirdPartyModel:556 - Component with status : MCU_INCOMPATIBLE for condition : IKS01A3 Dynamic Inclinometer Condition id : 1600953781787
2021-02-02 18:23:31,691 [INFO] DependencyParser:915 - This component is not compatible with the current MCU : [1600953791491, 1600953791493, 1600953791501]
2021-02-02 18:23:31,691 [INFO] ThirdPartyModel:556 - Component with status : MCU_INCOMPATIBLE for condition : IKS01A3 Airplane Detection Condition id : 1600953781805
2021-02-02 18:23:31,694 [INFO] DependencyParser:915 - This component is not compatible with the current MCU : [1600953791491, 1600953791493, 1600953791501]
2021-02-02 18:23:31,694 [INFO] ThirdPartyModel:556 - Component with status : MCU_INCOMPATIBLE for condition : IKS01A2 Accelerometer Calibration Condition id : 1600953782053
2021-02-02 18:23:31,695 [INFO] DependencyParser:915 - This component is not compatible with the current MCU : [1600953791491, 1600953791493, 1600953791501]
2021-02-02 18:23:31,695 [INFO] ThirdPartyModel:556 - Component with status : MCU_INCOMPATIBLE for condition : IKS01A2 Vertical Context Condition id : 1600953782103
2021-02-02 18:23:31,696 [INFO] DependencyParser:915 - This component is not compatible with the current MCU : [1600953791491, 1600953791493, 1600953791501]
2021-02-02 18:23:31,696 [INFO] ThirdPartyModel:556 - Component with status : MCU_INCOMPATIBLE for condition : IKS01A2 Carry Position Condition id : 1600953782121
2021-02-02 18:23:31,697 [INFO] DependencyParser:915 - This component is not compatible with the current MCU : [1600953791491, 1600953791493, 1600953791501]
2021-02-02 18:23:31,697 [INFO] ThirdPartyModel:556 - Component with status : MCU_INCOMPATIBLE for condition : IKS01A2 Gesture Recognition Condition id : 1600953782156
2021-02-02 18:23:31,697 [INFO] DependencyParser:915 - This component is not compatible with the current MCU : [1600953791491, 1600953791493, 1600953791501]
2021-02-02 18:23:31,698 [INFO] ThirdPartyModel:556 - Component with status : MCU_INCOMPATIBLE for condition : IKS01A2 Dynamic Inclinometer Condition id : 1600953782174
2021-02-02 18:23:31,698 [INFO] DependencyParser:915 - This component is not compatible with the current MCU : [1600953791491, 1600953791493, 1600953791501]
2021-02-02 18:23:31,699 [INFO] ThirdPartyModel:556 - Component with status : MCU_INCOMPATIBLE for condition : IKS01A2 Airplane Detection Condition id : 1600953782192
2021-02-02 18:23:31,700 [INFO] DependencyParser:915 - This component is not compatible with the current MCU : [1600953791491, 1600953791493, 1600953791501]
2021-02-02 18:23:31,700 [INFO] ThirdPartyModel:556 - Component with status : MCU_INCOMPATIBLE for condition : IKS02A1 Accelerometer Calibration Condition id : 1600953782256
2021-02-02 18:23:31,701 [INFO] DependencyParser:915 - This component is not compatible with the current MCU : [1600953791491, 1600953791493, 1600953791501]
2021-02-02 18:23:31,701 [INFO] ThirdPartyModel:556 - Component with status : MCU_INCOMPATIBLE for condition : IKS02A1 Dynamic Inclinometer Condition id : 1600953782323
2021-02-02 18:23:31,703 [INFO] DependencyParser:915 - This component is not compatible with the current MCU : [1600953791491, 1600953791493, 1600953791501]
2021-02-02 18:23:31,704 [INFO] ThirdPartyModel:556 - Component with status : MCU_INCOMPATIBLE for condition : CUSTOM Accelerometer Calibration Condition id : 1600953782543
2021-02-02 18:23:31,705 [INFO] DependencyParser:915 - This component is not compatible with the current MCU : [1600953791491, 1600953791493, 1600953791501]
2021-02-02 18:23:31,705 [INFO] ThirdPartyModel:556 - Component with status : MCU_INCOMPATIBLE for condition : CUSTOM Vertical Context Condition id : 1600953782574
2021-02-02 18:23:31,705 [INFO] DependencyParser:915 - This component is not compatible with the current MCU : [1600953791491, 1600953791493, 1600953791501]
2021-02-02 18:23:31,706 [INFO] ThirdPartyModel:556 - Component with status : MCU_INCOMPATIBLE for condition : CUSTOM Carry Position Condition id : 1600953782588
2021-02-02 18:23:31,706 [INFO] DependencyParser:915 - This component is not compatible with the current MCU : [1600953791491, 1600953791493, 1600953791501]
2021-02-02 18:23:31,706 [INFO] ThirdPartyModel:556 - Component with status : MCU_INCOMPATIBLE for condition : CUSTOM Gesture Recognition Condition id : 1600953782613
2021-02-02 18:23:31,707 [INFO] DependencyParser:915 - This component is not compatible with the current MCU : [1600953791491, 1600953791493, 1600953791501]
2021-02-02 18:23:31,707 [INFO] ThirdPartyModel:556 - Component with status : MCU_INCOMPATIBLE for condition : CUSTOM Dynamic Inclinometer Condition id : 1600953782625
2021-02-02 18:23:31,708 [INFO] DependencyParser:915 - This component is not compatible with the current MCU : [1600953791491, 1600953791493, 1600953791501]
2021-02-02 18:23:31,708 [INFO] ThirdPartyModel:556 - Component with status : MCU_INCOMPATIBLE for condition : CUSTOM Airplane Detection Condition id : 1600953782639
2021-02-02 18:23:31,709 [INFO] DependencyParser:915 - This component is not compatible with the current MCU : [1600953791491, 1600953791493, 1600953791501]
2021-02-02 18:23:31,709 [INFO] ThirdPartyModel:556 - Component with status : MCU_INCOMPATIBLE for condition : MotionAC Condition id : 1600953782692
2021-02-02 18:23:31,710 [INFO] DependencyParser:915 - This component is not compatible with the current MCU : [1600953791491, 1600953791493, 1600953791501]
2021-02-02 18:23:31,710 [INFO] ThirdPartyModel:556 - Component with status : MCU_INCOMPATIBLE for condition : MotionVC Condition id : 1600953782700
2021-02-02 18:23:31,710 [INFO] DependencyParser:915 - This component is not compatible with the current MCU : [1600953791491, 1600953791493, 1600953791501]
2021-02-02 18:23:31,711 [INFO] ThirdPartyModel:556 - Component with status : MCU_INCOMPATIBLE for condition : MotionCP Condition id : 1600953782704
2021-02-02 18:23:31,711 [INFO] DependencyParser:915 - This component is not compatible with the current MCU : [1600953791491, 1600953791493, 1600953791501]
2021-02-02 18:23:31,711 [INFO] ThirdPartyModel:556 - Component with status : MCU_INCOMPATIBLE for condition : MotionGR Condition id : 1600953782710
2021-02-02 18:23:31,712 [INFO] DependencyParser:915 - This component is not compatible with the current MCU : [1600953791491, 1600953791493, 1600953791501]
2021-02-02 18:23:31,712 [INFO] ThirdPartyModel:556 - Component with status : MCU_INCOMPATIBLE for condition : MotionDI Condition id : 1600953782714
2021-02-02 18:23:31,712 [INFO] DependencyParser:915 - This component is not compatible with the current MCU : [1600953791491, 1600953791493, 1600953791501]
2021-02-02 18:23:31,713 [INFO] ThirdPartyModel:556 - Component with status : MCU_INCOMPATIBLE for condition : MotionAD Condition id : 1600953782718
2021-02-02 18:23:31,714 [WARN] ApiManager:274 - Cannot register API 'Board Extension:IKS01A3' from pack STMicroelectronics.X-CUBE-MEMS1.8.1.1: no header file found
2021-02-02 18:23:31,714 [WARN] ApiManager:274 - Cannot register API 'Board Extension:IKS01A2' from pack STMicroelectronics.X-CUBE-MEMS1.8.1.1: no header file found
2021-02-02 18:23:31,714 [WARN] ApiManager:274 - Cannot register API 'Board Extension:IKS02A1' from pack STMicroelectronics.X-CUBE-MEMS1.8.1.1: no header file found
2021-02-02 18:23:31,780 [INFO] DependencyParser:915 - This component is not compatible with the current MCU : [1606288323454, 1606288323456, 1606288323464]
2021-02-02 18:23:31,780 [INFO] ThirdPartyModel:556 - Component with status : MCU_INCOMPATIBLE for condition : IKS01A3 Accelerometer Calibration Condition id : 1606288310047
2021-02-02 18:23:31,781 [INFO] DependencyParser:915 - This component is not compatible with the current MCU : [1606288323454, 1606288323456, 1606288323464]
2021-02-02 18:23:31,781 [INFO] ThirdPartyModel:556 - Component with status : MCU_INCOMPATIBLE for condition : IKS01A3 Vertical Context Condition id : 1606288310097
2021-02-02 18:23:31,782 [INFO] DependencyParser:915 - This component is not compatible with the current MCU : [1606288323454, 1606288323456, 1606288323464]
2021-02-02 18:23:31,782 [INFO] ThirdPartyModel:556 - Component with status : MCU_INCOMPATIBLE for condition : IKS01A3 Carry Position Condition id : 1606288310115
2021-02-02 18:23:31,782 [INFO] DependencyParser:915 - This component is not compatible with the current MCU : [1606288323454, 1606288323456, 1606288323464]
2021-02-02 18:23:31,783 [INFO] ThirdPartyModel:556 - Component with status : MCU_INCOMPATIBLE for condition : IKS01A3 Gesture Recognition Condition id : 1606288310150
2021-02-02 18:23:31,783 [INFO] DependencyParser:915 - This component is not compatible with the current MCU : [1606288323454, 1606288323456, 1606288323464]
2021-02-02 18:23:31,783 [INFO] ThirdPartyModel:556 - Component with status : MCU_INCOMPATIBLE for condition : IKS01A3 Dynamic Inclinometer Condition id : 1606288310168
2021-02-02 18:23:31,784 [INFO] DependencyParser:915 - This component is not compatible with the current MCU : [1606288323454, 1606288323456, 1606288323464]
2021-02-02 18:23:31,784 [INFO] ThirdPartyModel:556 - Component with status : MCU_INCOMPATIBLE for condition : IKS01A3 Airplane Detection Condition id : 1606288310186
2021-02-02 18:23:31,784 [INFO] DependencyParser:915 - This component is not compatible with the current MCU : [1606288323454, 1606288323456, 1606288323464]
2021-02-02 18:23:31,785 [INFO] ThirdPartyModel:556 - Component with status : MCU_INCOMPATIBLE for condition : IKS01A3 Active Time Condition id : 1606288310204
2021-02-02 18:23:31,785 [INFO] DependencyParser:915 - This component is not compatible with the current MCU : [1606288323454, 1606288323456, 1606288323464]
2021-02-02 18:23:31,785 [INFO] ThirdPartyModel:556 - Component with status : MCU_INCOMPATIBLE for condition : IKS01A3 Activity Recognition Condition id : 1606288310222
2021-02-02 18:23:31,786 [INFO] DependencyParser:915 - This component is not compatible with the current MCU : [1606288323454, 1606288323456, 1606288323464]
2021-02-02 18:23:31,786 [INFO] ThirdPartyModel:556 - Component with status : MCU_INCOMPATIBLE for condition : IKS01A3 Activity Recognition Wrist Condition id : 1606288310240
2021-02-02 18:23:31,786 [INFO] DependencyParser:915 - This component is not compatible with the current MCU : [1606288323454, 1606288323456, 1606288323464]
2021-02-02 18:23:31,787 [INFO] ThirdPartyModel:556 - Component with status : MCU_INCOMPATIBLE for condition : IKS01A3 Fall Detection Condition id : 1606288310258
2021-02-02 18:23:31,787 [INFO] DependencyParser:915 - This component is not compatible with the current MCU : [1606288323454, 1606288323456, 1606288323464]
2021-02-02 18:23:31,787 [INFO] ThirdPartyModel:556 - Component with status : MCU_INCOMPATIBLE for condition : IKS01A3 Fitness Activities Condition id : 1606288310276
2021-02-02 18:23:31,788 [INFO] DependencyParser:915 - This component is not compatible with the current MCU : [1606288323454, 1606288323456, 1606288323464]
2021-02-02 18:23:31,788 [INFO] ThirdPartyModel:556 - Component with status : MCU_INCOMPATIBLE for condition : IKS01A3 Pedometer Condition id : 1606288310294
2021-02-02 18:23:31,788 [INFO] DependencyParser:915 - This component is not compatible with the current MCU : [1606288323454, 1606288323456, 1606288323464]
2021-02-02 18:23:31,789 [INFO] ThirdPartyModel:556 - Component with status : MCU_INCOMPATIBLE for condition : IKS01A3 Pedometer Wrist Condition id : 1606288310312
2021-02-02 18:23:31,789 [INFO] DependencyParser:915 - This component is not compatible with the current MCU : [1606288323454, 1606288323456, 1606288323464]
2021-02-02 18:23:31,790 [INFO] ThirdPartyModel:556 - Component with status : MCU_INCOMPATIBLE for condition : IKS01A3 Pose Estimation Condition id : 1606288310331
2021-02-02 18:23:31,790 [INFO] DependencyParser:915 - This component is not compatible with the current MCU : [1606288323454, 1606288323456, 1606288323464]
2021-02-02 18:23:31,790 [INFO] ThirdPartyModel:556 - Component with status : MCU_INCOMPATIBLE for condition : IKS01A3 Standing Sitting Desk Condition id : 1606288310349
2021-02-02 18:23:31,792 [INFO] DependencyParser:915 - This component is not compatible with the current MCU : [1606288323454, 1606288323456, 1606288323464]
2021-02-02 18:23:31,793 [INFO] ThirdPartyModel:556 - Component with status : MCU_INCOMPATIBLE for condition : IKS01A2 Accelerometer Calibration Condition id : 1606288310597
2021-02-02 18:23:31,793 [INFO] DependencyParser:915 - This component is not compatible with the current MCU : [1606288323454, 1606288323456, 1606288323464]
2021-02-02 18:23:31,794 [INFO] ThirdPartyModel:556 - Component with status : MCU_INCOMPATIBLE for condition : IKS01A2 Vertical Context Condition id : 1606288310647
2021-02-02 18:23:31,794 [INFO] DependencyParser:915 - This component is not compatible with the current MCU : [1606288323454, 1606288323456, 1606288323464]
2021-02-02 18:23:31,794 [INFO] ThirdPartyModel:556 - Component with status : MCU_INCOMPATIBLE for condition : IKS01A2 Carry Position Condition id : 1606288310665
2021-02-02 18:23:31,795 [INFO] DependencyParser:915 - This component is not compatible with the current MCU : [1606288323454, 1606288323456, 1606288323464]
2021-02-02 18:23:31,795 [INFO] ThirdPartyModel:556 - Component with status : MCU_INCOMPATIBLE for condition : IKS01A2 Gesture Recognition Condition id : 1606288310700
2021-02-02 18:23:31,796 [INFO] DependencyParser:915 - This component is not compatible with the current MCU : [1606288323454, 1606288323456, 1606288323464]
2021-02-02 18:23:31,796 [INFO] ThirdPartyModel:556 - Component with status : MCU_INCOMPATIBLE for condition : IKS01A2 Dynamic Inclinometer Condition id : 1606288310718
2021-02-02 18:23:31,796 [INFO] DependencyParser:915 - This component is not compatible with the current MCU : [1606288323454, 1606288323456, 1606288323464]
2021-02-02 18:23:31,797 [INFO] ThirdPartyModel:556 - Component with status : MCU_INCOMPATIBLE for condition : IKS01A2 Airplane Detection Condition id : 1606288310736
2021-02-02 18:23:31,797 [INFO] DependencyParser:915 - This component is not compatible with the current MCU : [1606288323454, 1606288323456, 1606288323464]
2021-02-02 18:23:31,797 [INFO] ThirdPartyModel:556 - Component with status : MCU_INCOMPATIBLE for condition : IKS01A2 Active Time Condition id : 1606288310754
2021-02-02 18:23:31,798 [INFO] DependencyParser:915 - This component is not compatible with the current MCU : [1606288323454, 1606288323456, 1606288323464]
2021-02-02 18:23:31,798 [INFO] ThirdPartyModel:556 - Component with status : MCU_INCOMPATIBLE for condition : IKS01A2 Activity Recognition Condition id : 1606288310772
2021-02-02 18:23:31,798 [INFO] DependencyParser:915 - This component is not compatible with the current MCU : [1606288323454, 1606288323456, 1606288323464]
2021-02-02 18:23:31,799 [INFO] ThirdPartyModel:556 - Component with status : MCU_INCOMPATIBLE for condition : IKS01A2 Activity Recognition Wrist Condition id : 1606288310790
2021-02-02 18:23:31,799 [INFO] DependencyParser:915 - This component is not compatible with the current MCU : [1606288323454, 1606288323456, 1606288323464]
2021-02-02 18:23:31,799 [INFO] ThirdPartyModel:556 - Component with status : MCU_INCOMPATIBLE for condition : IKS01A2 Fall Detection Condition id : 1606288310808
2021-02-02 18:23:31,800 [INFO] DependencyParser:915 - This component is not compatible with the current MCU : [1606288323454, 1606288323456, 1606288323464]
2021-02-02 18:23:31,800 [INFO] ThirdPartyModel:556 - Component with status : MCU_INCOMPATIBLE for condition : IKS01A2 Fitness Activities Condition id : 1606288310826
2021-02-02 18:23:31,801 [INFO] DependencyParser:915 - This component is not compatible with the current MCU : [1606288323454, 1606288323456, 1606288323464]
2021-02-02 18:23:31,801 [INFO] ThirdPartyModel:556 - Component with status : MCU_INCOMPATIBLE for condition : IKS01A2 Pedometer Condition id : 1606288310844
2021-02-02 18:23:31,801 [INFO] DependencyParser:915 - This component is not compatible with the current MCU : [1606288323454, 1606288323456, 1606288323464]
2021-02-02 18:23:31,802 [INFO] ThirdPartyModel:556 - Component with status : MCU_INCOMPATIBLE for condition : IKS01A2 Pedometer Wrist Condition id : 1606288310862
2021-02-02 18:23:31,802 [INFO] DependencyParser:915 - This component is not compatible with the current MCU : [1606288323454, 1606288323456, 1606288323464]
2021-02-02 18:23:31,802 [INFO] ThirdPartyModel:556 - Component with status : MCU_INCOMPATIBLE for condition : IKS01A2 Pose Estimation Condition id : 1606288310881
2021-02-02 18:23:31,803 [INFO] DependencyParser:915 - This component is not compatible with the current MCU : [1606288323454, 1606288323456, 1606288323464]
2021-02-02 18:23:31,803 [INFO] ThirdPartyModel:556 - Component with status : MCU_INCOMPATIBLE for condition : IKS01A2 Standing Sitting Desk Condition id : 1606288310899
2021-02-02 18:23:31,804 [INFO] DependencyParser:915 - This component is not compatible with the current MCU : [1606288323454, 1606288323456, 1606288323464]
2021-02-02 18:23:31,804 [INFO] ThirdPartyModel:556 - Component with status : MCU_INCOMPATIBLE for condition : IKS02A1 Accelerometer Calibration Condition id : 1606288310963
2021-02-02 18:23:31,805 [INFO] DependencyParser:915 - This component is not compatible with the current MCU : [1606288323454, 1606288323456, 1606288323464]
2021-02-02 18:23:31,805 [INFO] ThirdPartyModel:556 - Component with status : MCU_INCOMPATIBLE for condition : IKS02A1 Dynamic Inclinometer Condition id : 1606288311030
2021-02-02 18:23:31,807 [INFO] DependencyParser:915 - This component is not compatible with the current MCU : [1606288323454, 1606288323456, 1606288323464]
2021-02-02 18:23:31,808 [INFO] ThirdPartyModel:556 - Component with status : MCU_INCOMPATIBLE for condition : CUSTOM Accelerometer Calibration Condition id : 1606288311250
2021-02-02 18:23:31,808 [INFO] DependencyParser:915 - This component is not compatible with the current MCU : [1606288323454, 1606288323456, 1606288323464]
2021-02-02 18:23:31,809 [INFO] ThirdPartyModel:556 - Component with status : MCU_INCOMPATIBLE for condition : CUSTOM Vertical Context Condition id : 1606288311281
2021-02-02 18:23:31,809 [INFO] DependencyParser:915 - This component is not compatible with the current MCU : [1606288323454, 1606288323456, 1606288323464]
2021-02-02 18:23:31,809 [INFO] ThirdPartyModel:556 - Component with status : MCU_INCOMPATIBLE for condition : CUSTOM Carry Position Condition id : 1606288311295
2021-02-02 18:23:31,810 [INFO] DependencyParser:915 - This component is not compatible with the current MCU : [1606288323454, 1606288323456, 1606288323464]
2021-02-02 18:23:31,810 [INFO] ThirdPartyModel:556 - Component with status : MCU_INCOMPATIBLE for condition : CUSTOM Gesture Recognition Condition id : 1606288311320
2021-02-02 18:23:31,811 [INFO] DependencyParser:915 - This component is not compatible with the current MCU : [1606288323454, 1606288323456, 1606288323464]
2021-02-02 18:23:31,811 [INFO] ThirdPartyModel:556 - Component with status : MCU_INCOMPATIBLE for condition : CUSTOM Dynamic Inclinometer Condition id : 1606288311332
2021-02-02 18:23:31,811 [INFO] DependencyParser:915 - This component is not compatible with the current MCU : [1606288323454, 1606288323456, 1606288323464]
2021-02-02 18:23:31,811 [INFO] ThirdPartyModel:556 - Component with status : MCU_INCOMPATIBLE for condition : CUSTOM Airplane Detection Condition id : 1606288311346
2021-02-02 18:23:31,812 [INFO] DependencyParser:915 - This component is not compatible with the current MCU : [1606288323454, 1606288323456, 1606288323464]
2021-02-02 18:23:31,812 [INFO] ThirdPartyModel:556 - Component with status : MCU_INCOMPATIBLE for condition : CUSTOM Active Time Condition id : 1606288311362
2021-02-02 18:23:31,812 [INFO] DependencyParser:915 - This component is not compatible with the current MCU : [1606288323454, 1606288323456, 1606288323464]
2021-02-02 18:23:31,813 [INFO] ThirdPartyModel:556 - Component with status : MCU_INCOMPATIBLE for condition : CUSTOM Activity Recognition Condition id : 1606288311374
2021-02-02 18:23:31,813 [INFO] DependencyParser:915 - This component is not compatible with the current MCU : [1606288323454, 1606288323456, 1606288323464]
2021-02-02 18:23:31,813 [INFO] ThirdPartyModel:556 - Component with status : MCU_INCOMPATIBLE for condition : CUSTOM Activity Recognition Wrist Condition id : 1606288311386
2021-02-02 18:23:31,814 [INFO] DependencyParser:915 - This component is not compatible with the current MCU : [1606288323454, 1606288323456, 1606288323464]
2021-02-02 18:23:31,814 [INFO] ThirdPartyModel:556 - Component with status : MCU_INCOMPATIBLE for condition : CUSTOM Fall Detection Condition id : 1606288311398
2021-02-02 18:23:31,814 [INFO] DependencyParser:915 - This component is not compatible with the current MCU : [1606288323454, 1606288323456, 1606288323464]
2021-02-02 18:23:31,814 [INFO] ThirdPartyModel:556 - Component with status : MCU_INCOMPATIBLE for condition : CUSTOM Fitness Activities Condition id : 1606288311410
2021-02-02 18:23:31,815 [INFO] DependencyParser:915 - This component is not compatible with the current MCU : [1606288323454, 1606288323456, 1606288323464]
2021-02-02 18:23:31,815 [INFO] ThirdPartyModel:556 - Component with status : MCU_INCOMPATIBLE for condition : CUSTOM Pedometer Condition id : 1606288311425
2021-02-02 18:23:31,815 [INFO] DependencyParser:915 - This component is not compatible with the current MCU : [1606288323454, 1606288323456, 1606288323464]
2021-02-02 18:23:31,816 [INFO] ThirdPartyModel:556 - Component with status : MCU_INCOMPATIBLE for condition : CUSTOM Pedometer Wrist Condition id : 1606288311437
2021-02-02 18:23:31,816 [INFO] DependencyParser:915 - This component is not compatible with the current MCU : [1606288323454, 1606288323456, 1606288323464]
2021-02-02 18:23:31,816 [INFO] ThirdPartyModel:556 - Component with status : MCU_INCOMPATIBLE for condition : CUSTOM Pose Estimation Condition id : 1606288311450
2021-02-02 18:23:31,817 [INFO] DependencyParser:915 - This component is not compatible with the current MCU : [1606288323454, 1606288323456, 1606288323464]
2021-02-02 18:23:31,817 [INFO] ThirdPartyModel:556 - Component with status : MCU_INCOMPATIBLE for condition : CUSTOM Standing Sitting Desk Condition id : 1606288311462
2021-02-02 18:23:31,817 [INFO] DependencyParser:915 - This component is not compatible with the current MCU : [1606288323454, 1606288323456, 1606288323464]
2021-02-02 18:23:31,818 [INFO] ThirdPartyModel:556 - Component with status : MCU_INCOMPATIBLE for condition : MotionAC Condition id : 1606288311511
2021-02-02 18:23:31,818 [INFO] DependencyParser:915 - This component is not compatible with the current MCU : [1606288323454, 1606288323456, 1606288323464]
2021-02-02 18:23:31,818 [INFO] ThirdPartyModel:556 - Component with status : MCU_INCOMPATIBLE for condition : MotionVC Condition id : 1606288311519
2021-02-02 18:23:31,819 [INFO] DependencyParser:915 - This component is not compatible with the current MCU : [1606288323454, 1606288323456, 1606288323464]
2021-02-02 18:23:31,819 [INFO] ThirdPartyModel:556 - Component with status : MCU_INCOMPATIBLE for condition : MotionCP Condition id : 1606288311523
2021-02-02 18:23:31,819 [INFO] DependencyParser:915 - This component is not compatible with the current MCU : [1606288323454, 1606288323456, 1606288323464]
2021-02-02 18:23:31,819 [INFO] ThirdPartyModel:556 - Component with status : MCU_INCOMPATIBLE for condition : MotionGR Condition id : 1606288311529
2021-02-02 18:23:31,820 [INFO] DependencyParser:915 - This component is not compatible with the current MCU : [1606288323454, 1606288323456, 1606288323464]
2021-02-02 18:23:31,820 [INFO] ThirdPartyModel:556 - Component with status : MCU_INCOMPATIBLE for condition : MotionDI Condition id : 1606288311533
2021-02-02 18:23:31,820 [INFO] DependencyParser:915 - This component is not compatible with the current MCU : [1606288323454, 1606288323456, 1606288323464]
2021-02-02 18:23:31,820 [INFO] ThirdPartyModel:556 - Component with status : MCU_INCOMPATIBLE for condition : MotionAD Condition id : 1606288311537
2021-02-02 18:23:31,821 [INFO] DependencyParser:915 - This component is not compatible with the current MCU : [1606288323454, 1606288323456, 1606288323464]
2021-02-02 18:23:31,821 [INFO] ThirdPartyModel:556 - Component with status : MCU_INCOMPATIBLE for condition : MotionAT Condition id : 1606288311541
2021-02-02 18:23:31,821 [INFO] DependencyParser:915 - This component is not compatible with the current MCU : [1606288323454, 1606288323456, 1606288323464]
2021-02-02 18:23:31,821 [INFO] ThirdPartyModel:556 - Component with status : MCU_INCOMPATIBLE for condition : MotionAR Condition id : 1606288311545
2021-02-02 18:23:31,822 [INFO] DependencyParser:915 - This component is not compatible with the current MCU : [1606288323454, 1606288323456, 1606288323464]
2021-02-02 18:23:31,822 [INFO] ThirdPartyModel:556 - Component with status : MCU_INCOMPATIBLE for condition : MotionAW Condition id : 1606288311549
2021-02-02 18:23:31,822 [INFO] DependencyParser:915 - This component is not compatible with the current MCU : [1606288323454, 1606288323456, 1606288323464]
2021-02-02 18:23:31,822 [INFO] ThirdPartyModel:556 - Component with status : MCU_INCOMPATIBLE for condition : MotionFD Condition id : 1606288311553
2021-02-02 18:23:31,823 [INFO] DependencyParser:915 - This component is not compatible with the current MCU : [1606288323454, 1606288323456, 1606288323464]
2021-02-02 18:23:31,823 [INFO] ThirdPartyModel:556 - Component with status : MCU_INCOMPATIBLE for condition : MotionFA Condition id : 1606288311557
2021-02-02 18:23:31,823 [INFO] DependencyParser:915 - This component is not compatible with the current MCU : [1606288323454, 1606288323456, 1606288323464]
2021-02-02 18:23:31,823 [INFO] ThirdPartyModel:556 - Component with status : MCU_INCOMPATIBLE for condition : MotionPM Condition id : 1606288311561
2021-02-02 18:23:31,824 [INFO] DependencyParser:915 - This component is not compatible with the current MCU : [1606288323454, 1606288323456, 1606288323464]
2021-02-02 18:23:31,824 [INFO] ThirdPartyModel:556 - Component with status : MCU_INCOMPATIBLE for condition : MotionPE Condition id : 1606288311567
2021-02-02 18:23:31,824 [INFO] DependencyParser:915 - This component is not compatible with the current MCU : [1606288323454, 1606288323456, 1606288323464]
2021-02-02 18:23:31,825 [INFO] ThirdPartyModel:556 - Component with status : MCU_INCOMPATIBLE for condition : MotionSD Condition id : 1606288311571
2021-02-02 18:23:31,826 [WARN] ApiManager:274 - Cannot register API 'Board Extension:IKS01A3' from pack STMicroelectronics.X-CUBE-MEMS1.8.2.0: no header file found
2021-02-02 18:23:31,826 [WARN] ApiManager:274 - Cannot register API 'Board Extension:IKS01A2' from pack STMicroelectronics.X-CUBE-MEMS1.8.2.0: no header file found
2021-02-02 18:23:31,826 [WARN] ApiManager:274 - Cannot register API 'Board Extension:IKS02A1' from pack STMicroelectronics.X-CUBE-MEMS1.8.2.0: no header file found
2021-02-02 18:23:31,827 [WARN] ApiManager:274 - Cannot register API 'Board Extension:EEPRMA1' from pack STMicroelectronics.X-CUBE-EEPRMA1.3.0.0: no header file found
2021-02-02 18:23:31,828 [WARN] ApiManager:274 - Cannot register API 'Board Extension:EEPRMA2' from pack STMicroelectronics.X-CUBE-EEPRMA1.3.0.0: no header file found
2021-02-02 18:23:31,864 [INFO] DependencyParser:915 - This component is not compatible with the current MCU : [1598820977783, 1598820977785, 1598820977793]
2021-02-02 18:23:31,864 [INFO] ThirdPartyModel:556 - Component with status : MCU_INCOMPATIBLE for condition : IKS01A3 Accelerometer Calibration Condition id : 1598820968067
2021-02-02 18:23:31,865 [INFO] DependencyParser:915 - This component is not compatible with the current MCU : [1598820977783, 1598820977785, 1598820977793]
2021-02-02 18:23:31,865 [INFO] ThirdPartyModel:556 - Component with status : MCU_INCOMPATIBLE for condition : IKS01A3 Vertical Context Condition id : 1598820968117
2021-02-02 18:23:31,865 [INFO] DependencyParser:915 - This component is not compatible with the current MCU : [1598820977783, 1598820977785, 1598820977793]
2021-02-02 18:23:31,866 [INFO] ThirdPartyModel:556 - Component with status : MCU_INCOMPATIBLE for condition : IKS01A3 Carry Position Condition id : 1598820968135
2021-02-02 18:23:31,866 [INFO] DependencyParser:915 - This component is not compatible with the current MCU : [1598820977783, 1598820977785, 1598820977793]
2021-02-02 18:23:31,866 [INFO] ThirdPartyModel:556 - Component with status : MCU_INCOMPATIBLE for condition : IKS01A3 Gesture Recognition Condition id : 1598820968170
2021-02-02 18:23:31,867 [INFO] DependencyParser:915 - This component is not compatible with the current MCU : [1598820977783, 1598820977785, 1598820977793]
2021-02-02 18:23:31,867 [INFO] ThirdPartyModel:556 - Component with status : MCU_INCOMPATIBLE for condition : IKS01A3 Dynamic Inclinometer Condition id : 1598820968188
2021-02-02 18:23:31,867 [INFO] DependencyParser:915 - This component is not compatible with the current MCU : [1598820977783, 1598820977785, 1598820977793]
2021-02-02 18:23:31,868 [INFO] ThirdPartyModel:556 - Component with status : MCU_INCOMPATIBLE for condition : IKS01A3 Airplane Detection Condition id : 1598820968206
2021-02-02 18:23:31,869 [INFO] DependencyParser:915 - This component is not compatible with the current MCU : [1598820977783, 1598820977785, 1598820977793]
2021-02-02 18:23:31,870 [INFO] ThirdPartyModel:556 - Component with status : MCU_INCOMPATIBLE for condition : IKS01A2 Accelerometer Calibration Condition id : 1598820968454
2021-02-02 18:23:31,870 [INFO] DependencyParser:915 - This component is not compatible with the current MCU : [1598820977783, 1598820977785, 1598820977793]
2021-02-02 18:23:31,871 [INFO] ThirdPartyModel:556 - Component with status : MCU_INCOMPATIBLE for condition : IKS01A2 Vertical Context Condition id : 1598820968504
2021-02-02 18:23:31,871 [INFO] DependencyParser:915 - This component is not compatible with the current MCU : [1598820977783, 1598820977785, 1598820977793]
2021-02-02 18:23:31,871 [INFO] ThirdPartyModel:556 - Component with status : MCU_INCOMPATIBLE for condition : IKS01A2 Carry Position Condition id : 1598820968522
2021-02-02 18:23:31,872 [INFO] DependencyParser:915 - This component is not compatible with the current MCU : [1598820977783, 1598820977785, 1598820977793]
2021-02-02 18:23:31,872 [INFO] ThirdPartyModel:556 - Component with status : MCU_INCOMPATIBLE for condition : IKS01A2 Gesture Recognition Condition id : 1598820968557
2021-02-02 18:23:31,872 [INFO] DependencyParser:915 - This component is not compatible with the current MCU : [1598820977783, 1598820977785, 1598820977793]
2021-02-02 18:23:31,872 [INFO] ThirdPartyModel:556 - Component with status : MCU_INCOMPATIBLE for condition : IKS01A2 Dynamic Inclinometer Condition id : 1598820968575
2021-02-02 18:23:31,873 [INFO] DependencyParser:915 - This component is not compatible with the current MCU : [1598820977783, 1598820977785, 1598820977793]
2021-02-02 18:23:31,873 [INFO] ThirdPartyModel:556 - Component with status : MCU_INCOMPATIBLE for condition : IKS01A2 Airplane Detection Condition id : 1598820968593
2021-02-02 18:23:31,874 [INFO] DependencyParser:915 - This component is not compatible with the current MCU : [1598820977783, 1598820977785, 1598820977793]
2021-02-02 18:23:31,874 [INFO] ThirdPartyModel:556 - Component with status : MCU_INCOMPATIBLE for condition : IKS02A1 Accelerometer Calibration Condition id : 1598820968657
2021-02-02 18:23:31,875 [INFO] DependencyParser:915 - This component is not compatible with the current MCU : [1598820977783, 1598820977785, 1598820977793]
2021-02-02 18:23:31,875 [INFO] ThirdPartyModel:556 - Component with status : MCU_INCOMPATIBLE for condition : IKS02A1 Dynamic Inclinometer Condition id : 1598820968724
2021-02-02 18:23:31,876 [INFO] DependencyParser:915 - This component is not compatible with the current MCU : [1598820977783, 1598820977785, 1598820977793]
2021-02-02 18:23:31,877 [INFO] ThirdPartyModel:556 - Component with status : MCU_INCOMPATIBLE for condition : CUSTOM Accelerometer Calibration Condition id : 1598820968944
2021-02-02 18:23:31,877 [INFO] DependencyParser:915 - This component is not compatible with the current MCU : [1598820977783, 1598820977785, 1598820977793]
2021-02-02 18:23:31,877 [INFO] ThirdPartyModel:556 - Component with status : MCU_INCOMPATIBLE for condition : CUSTOM Vertical Context Condition id : 1598820968975
2021-02-02 18:23:31,878 [INFO] DependencyParser:915 - This component is not compatible with the current MCU : [1598820977783, 1598820977785, 1598820977793]
2021-02-02 18:23:31,878 [INFO] ThirdPartyModel:556 - Component with status : MCU_INCOMPATIBLE for condition : CUSTOM Carry Position Condition id : 1598820968989
2021-02-02 18:23:31,878 [INFO] DependencyParser:915 - This component is not compatible with the current MCU : [1598820977783, 1598820977785, 1598820977793]
2021-02-02 18:23:31,879 [INFO] ThirdPartyModel:556 - Component with status : MCU_INCOMPATIBLE for condition : CUSTOM Gesture Recognition Condition id : 1598820969014
2021-02-02 18:23:31,879 [INFO] DependencyParser:915 - This component is not compatible with the current MCU : [1598820977783, 1598820977785, 1598820977793]
2021-02-02 18:23:31,879 [INFO] ThirdPartyModel:556 - Component with status : MCU_INCOMPATIBLE for condition : CUSTOM Dynamic Inclinometer Condition id : 1598820969026
2021-02-02 18:23:31,880 [INFO] DependencyParser:915 - This component is not compatible with the current MCU : [1598820977783, 1598820977785, 1598820977793]
2021-02-02 18:23:31,880 [INFO] ThirdPartyModel:556 - Component with status : MCU_INCOMPATIBLE for condition : CUSTOM Airplane Detection Condition id : 1598820969040
2021-02-02 18:23:31,880 [INFO] DependencyParser:915 - This component is not compatible with the current MCU : [1598820977783, 1598820977785, 1598820977793]
2021-02-02 18:23:31,881 [INFO] ThirdPartyModel:556 - Component with status : MCU_INCOMPATIBLE for condition : MotionAC Condition id : 1598820969062
2021-02-02 18:23:31,881 [INFO] DependencyParser:915 - This component is not compatible with the current MCU : [1598820977783, 1598820977785, 1598820977793]
2021-02-02 18:23:31,881 [INFO] ThirdPartyModel:556 - Component with status : MCU_INCOMPATIBLE for condition : MotionVC Condition id : 1598820969070
2021-02-02 18:23:31,881 [INFO] DependencyParser:915 - This component is not compatible with the current MCU : [1598820977783, 1598820977785, 1598820977793]
2021-02-02 18:23:31,882 [INFO] ThirdPartyModel:556 - Component with status : MCU_INCOMPATIBLE for condition : MotionCP Condition id : 1598820969074
2021-02-02 18:23:31,882 [INFO] DependencyParser:915 - This component is not compatible with the current MCU : [1598820977783, 1598820977785, 1598820977793]
2021-02-02 18:23:31,882 [INFO] ThirdPartyModel:556 - Component with status : MCU_INCOMPATIBLE for condition : MotionGR Condition id : 1598820969080
2021-02-02 18:23:31,883 [INFO] DependencyParser:915 - This component is not compatible with the current MCU : [1598820977783, 1598820977785, 1598820977793]
2021-02-02 18:23:31,883 [INFO] ThirdPartyModel:556 - Component with status : MCU_INCOMPATIBLE for condition : MotionDI Condition id : 1598820969084
2021-02-02 18:23:31,883 [INFO] DependencyParser:915 - This component is not compatible with the current MCU : [1598820977783, 1598820977785, 1598820977793]
2021-02-02 18:23:31,883 [INFO] ThirdPartyModel:556 - Component with status : MCU_INCOMPATIBLE for condition : MotionAD Condition id : 1598820969088
2021-02-02 18:23:31,884 [WARN] ApiManager:274 - Cannot register API 'Board Extension:IKS01A3' from pack STMicroelectronics.X-CUBE-MEMS1.8.0.0: no header file found
2021-02-02 18:23:31,884 [WARN] ApiManager:274 - Cannot register API 'Board Extension:IKS01A2' from pack STMicroelectronics.X-CUBE-MEMS1.8.0.0: no header file found
2021-02-02 18:23:31,885 [WARN] ApiManager:274 - Cannot register API 'Board Extension:IKS02A1' from pack STMicroelectronics.X-CUBE-MEMS1.8.0.0: no header file found
2021-02-02 18:23:31,885 [INFO] DependencyParser:915 - This component is not compatible with the current MCU : [1602415243140]
2021-02-02 18:23:31,885 [INFO] ThirdPartyModel:556 - Component with status : MCU_INCOMPATIBLE for condition : GFX01M1_Condition id : 1602415243125
2021-02-02 18:23:31,886 [INFO] DependencyParser:915 - This component is not compatible with the current MCU : [1602415243140]
2021-02-02 18:23:31,886 [INFO] ThirdPartyModel:556 - Component with status : MCU_INCOMPATIBLE for condition : GFX01M1_HelloWorld_Condition id : 1602415243127
2021-02-02 18:23:31,921 [INFO] DependencyParser:915 - This component is not compatible with the current MCU : [1599619667329, 1599619667331, 1599619667339]
2021-02-02 18:23:31,921 [INFO] ThirdPartyModel:556 - Component with status : MCU_INCOMPATIBLE for condition : IKS01A3 Accelerometer Calibration Condition id : 1599619657504
2021-02-02 18:23:31,922 [INFO] DependencyParser:915 - This component is not compatible with the current MCU : [1599619667329, 1599619667331, 1599619667339]
2021-02-02 18:23:31,922 [INFO] ThirdPartyModel:556 - Component with status : MCU_INCOMPATIBLE for condition : IKS01A3 Vertical Context Condition id : 1599619657554
2021-02-02 18:23:31,922 [INFO] DependencyParser:915 - This component is not compatible with the current MCU : [1599619667329, 1599619667331, 1599619667339]
2021-02-02 18:23:31,923 [INFO] ThirdPartyModel:556 - Component with status : MCU_INCOMPATIBLE for condition : IKS01A3 Carry Position Condition id : 1599619657572
2021-02-02 18:23:31,923 [INFO] DependencyParser:915 - This component is not compatible with the current MCU : [1599619667329, 1599619667331, 1599619667339]
2021-02-02 18:23:31,923 [INFO] ThirdPartyModel:556 - Component with status : MCU_INCOMPATIBLE for condition : IKS01A3 Gesture Recognition Condition id : 1599619657607
2021-02-02 18:23:31,924 [INFO] DependencyParser:915 - This component is not compatible with the current MCU : [1599619667329, 1599619667331, 1599619667339]
2021-02-02 18:23:31,924 [INFO] ThirdPartyModel:556 - Component with status : MCU_INCOMPATIBLE for condition : IKS01A3 Dynamic Inclinometer Condition id : 1599619657625
2021-02-02 18:23:31,925 [INFO] DependencyParser:915 - This component is not compatible with the current MCU : [1599619667329, 1599619667331, 1599619667339]
2021-02-02 18:23:31,925 [INFO] ThirdPartyModel:556 - Component with status : MCU_INCOMPATIBLE for condition : IKS01A3 Airplane Detection Condition id : 1599619657643
2021-02-02 18:23:31,927 [INFO] DependencyParser:915 - This component is not compatible with the current MCU : [1599619667329, 1599619667331, 1599619667339]
2021-02-02 18:23:31,927 [INFO] ThirdPartyModel:556 - Component with status : MCU_INCOMPATIBLE for condition : IKS01A2 Accelerometer Calibration Condition id : 1599619657891
2021-02-02 18:23:31,928 [INFO] DependencyParser:915 - This component is not compatible with the current MCU : [1599619667329, 1599619667331, 1599619667339]
2021-02-02 18:23:31,928 [INFO] ThirdPartyModel:556 - Component with status : MCU_INCOMPATIBLE for condition : IKS01A2 Vertical Context Condition id : 1599619657941
2021-02-02 18:23:31,929 [INFO] DependencyParser:915 - This component is not compatible with the current MCU : [1599619667329, 1599619667331, 1599619667339]
2021-02-02 18:23:31,929 [INFO] ThirdPartyModel:556 - Component with status : MCU_INCOMPATIBLE for condition : IKS01A2 Carry Position Condition id : 1599619657959
2021-02-02 18:23:31,930 [INFO] DependencyParser:915 - This component is not compatible with the current MCU : [1599619667329, 1599619667331, 1599619667339]
2021-02-02 18:23:31,930 [INFO] ThirdPartyModel:556 - Component with status : MCU_INCOMPATIBLE for condition : IKS01A2 Gesture Recognition Condition id : 1599619657994
2021-02-02 18:23:31,930 [INFO] DependencyParser:915 - This component is not compatible with the current MCU : [1599619667329, 1599619667331, 1599619667339]
2021-02-02 18:23:31,931 [INFO] ThirdPartyModel:556 - Component with status : MCU_INCOMPATIBLE for condition : IKS01A2 Dynamic Inclinometer Condition id : 1599619658012
2021-02-02 18:23:31,931 [INFO] DependencyParser:915 - This component is not compatible with the current MCU : [1599619667329, 1599619667331, 1599619667339]
2021-02-02 18:23:31,931 [INFO] ThirdPartyModel:556 - Component with status : MCU_INCOMPATIBLE for condition : IKS01A2 Airplane Detection Condition id : 1599619658030
2021-02-02 18:23:31,932 [INFO] DependencyParser:915 - This component is not compatible with the current MCU : [1599619667329, 1599619667331, 1599619667339]
2021-02-02 18:23:31,932 [INFO] ThirdPartyModel:556 - Component with status : MCU_INCOMPATIBLE for condition : IKS02A1 Accelerometer Calibration Condition id : 1599619658094
2021-02-02 18:23:31,933 [INFO] DependencyParser:915 - This component is not compatible with the current MCU : [1599619667329, 1599619667331, 1599619667339]
2021-02-02 18:23:31,933 [INFO] ThirdPartyModel:556 - Component with status : MCU_INCOMPATIBLE for condition : IKS02A1 Dynamic Inclinometer Condition id : 1599619658161
2021-02-02 18:23:31,935 [INFO] DependencyParser:915 - This component is not compatible with the current MCU : [1599619667329, 1599619667331, 1599619667339]
2021-02-02 18:23:31,935 [INFO] ThirdPartyModel:556 - Component with status : MCU_INCOMPATIBLE for condition : CUSTOM Accelerometer Calibration Condition id : 1599619658381
2021-02-02 18:23:31,936 [INFO] DependencyParser:915 - This component is not compatible with the current MCU : [1599619667329, 1599619667331, 1599619667339]
2021-02-02 18:23:31,936 [INFO] ThirdPartyModel:556 - Component with status : MCU_INCOMPATIBLE for condition : CUSTOM Vertical Context Condition id : 1599619658412
2021-02-02 18:23:31,936 [INFO] DependencyParser:915 - This component is not compatible with the current MCU : [1599619667329, 1599619667331, 1599619667339]
2021-02-02 18:23:31,936 [INFO] ThirdPartyModel:556 - Component with status : MCU_INCOMPATIBLE for condition : CUSTOM Carry Position Condition id : 1599619658426
2021-02-02 18:23:31,937 [INFO] DependencyParser:915 - This component is not compatible with the current MCU : [1599619667329, 1599619667331, 1599619667339]
2021-02-02 18:23:31,937 [INFO] ThirdPartyModel:556 - Component with status : MCU_INCOMPATIBLE for condition : CUSTOM Gesture Recognition Condition id : 1599619658451
2021-02-02 18:23:31,937 [INFO] DependencyParser:915 - This component is not compatible with the current MCU : [1599619667329, 1599619667331, 1599619667339]
2021-02-02 18:23:31,938 [INFO] ThirdPartyModel:556 - Component with status : MCU_INCOMPATIBLE for condition : CUSTOM Dynamic Inclinometer Condition id : 1599619658463
2021-02-02 18:23:31,938 [INFO] DependencyParser:915 - This component is not compatible with the current MCU : [1599619667329, 1599619667331, 1599619667339]
2021-02-02 18:23:31,938 [INFO] ThirdPartyModel:556 - Component with status : MCU_INCOMPATIBLE for condition : CUSTOM Airplane Detection Condition id : 1599619658477
2021-02-02 18:23:31,939 [INFO] DependencyParser:915 - This component is not compatible with the current MCU : [1599619667329, 1599619667331, 1599619667339]
2021-02-02 18:23:31,939 [INFO] ThirdPartyModel:556 - Component with status : MCU_INCOMPATIBLE for condition : MotionAC Condition id : 1599619658530
2021-02-02 18:23:31,939 [INFO] DependencyParser:915 - This component is not compatible with the current MCU : [1599619667329, 1599619667331, 1599619667339]
2021-02-02 18:23:31,940 [INFO] ThirdPartyModel:556 - Component with status : MCU_INCOMPATIBLE for condition : MotionVC Condition id : 1599619658538
2021-02-02 18:23:31,940 [INFO] DependencyParser:915 - This component is not compatible with the current MCU : [1599619667329, 1599619667331, 1599619667339]
2021-02-02 18:23:31,940 [INFO] ThirdPartyModel:556 - Component with status : MCU_INCOMPATIBLE for condition : MotionCP Condition id : 1599619658542
2021-02-02 18:23:31,941 [INFO] DependencyParser:915 - This component is not compatible with the current MCU : [1599619667329, 1599619667331, 1599619667339]
2021-02-02 18:23:31,941 [INFO] ThirdPartyModel:556 - Component with status : MCU_INCOMPATIBLE for condition : MotionGR Condition id : 1599619658548
2021-02-02 18:23:31,941 [INFO] DependencyParser:915 - This component is not compatible with the current MCU : [1599619667329, 1599619667331, 1599619667339]
2021-02-02 18:23:31,941 [INFO] ThirdPartyModel:556 - Component with status : MCU_INCOMPATIBLE for condition : MotionDI Condition id : 1599619658552
2021-02-02 18:23:31,942 [INFO] DependencyParser:915 - This component is not compatible with the current MCU : [1599619667329, 1599619667331, 1599619667339]
2021-02-02 18:23:31,942 [INFO] ThirdPartyModel:556 - Component with status : MCU_INCOMPATIBLE for condition : MotionAD Condition id : 1599619658556
2021-02-02 18:23:31,943 [WARN] ApiManager:274 - Cannot register API 'Board Extension:IKS01A3' from pack STMicroelectronics.X-CUBE-MEMS1.8.1.0: no header file found
2021-02-02 18:23:31,943 [WARN] ApiManager:274 - Cannot register API 'Board Extension:IKS01A2' from pack STMicroelectronics.X-CUBE-MEMS1.8.1.0: no header file found
2021-02-02 18:23:31,943 [WARN] ApiManager:274 - Cannot register API 'Board Extension:IKS02A1' from pack STMicroelectronics.X-CUBE-MEMS1.8.1.0: no header file found
2021-02-02 18:23:31,945 [INFO] RtosManager:456 - Registered RTOS mode: class=CMSIS, group=RTOS, mode=CMSIS_V1, owner=FREERTOS
2021-02-02 18:23:31,946 [INFO] RtosManager:456 - Registered RTOS mode: class=CMSIS, group=RTOS2, mode=CMSIS_V2, owner=FREERTOS
2021-02-02 18:23:31,946 [INFO] RtosManager:456 - Registered RTOS mode: class=RTOS, group=Core, mode=CMSIS_V1, owner=FREERTOS
2021-02-02 18:23:31,947 [INFO] RtosManager:456 - Registered RTOS mode: class=RTOS, group=Core, mode=CMSIS_V2, owner=FREERTOS
2021-02-02 18:23:31,947 [WARN] ModelIntegratedComponent:188 - Missing modes for component 1598820984351
2021-02-02 18:23:31,948 [WARN] ApiManager:274 - Cannot register API 'Wireless:BlueNRG-2' from pack STMicroelectronics.X-CUBE-BLE2.2.0.0: no header file found
2021-02-02 18:23:31,956 [WARN] ApiManager:274 - Cannot register API 'Board Extension:GNSS1A1' from pack STMicroelectronics.X-CUBE-GNSS1.5.0.0: no header file found
2021-02-02 18:23:31,957 [WARN] ApiManager:274 - Cannot register API 'Board Support:Custom' from pack STMicroelectronics.X-CUBE-GNSS1.5.0.0: no header file found
2021-02-02 18:23:31,957 [WARN] ApiManager:274 - Cannot register API 'Data Exchange:lib_gnss' from pack STMicroelectronics.X-CUBE-GNSS1.5.0.0: no header file found
2021-02-02 18:23:31,958 [WARN] ApiManager:274 - Cannot register API 'Board Extension:GNSS1A1' from pack STMicroelectronics.X-CUBE-GNSS1.5.1.0: no header file found
2021-02-02 18:23:31,958 [WARN] ApiManager:274 - Cannot register API 'Board Support:Custom' from pack STMicroelectronics.X-CUBE-GNSS1.5.1.0: no header file found
2021-02-02 18:23:31,959 [WARN] ApiManager:274 - Cannot register API 'Data Exchange:lib_gnss' from pack STMicroelectronics.X-CUBE-GNSS1.5.1.0: no header file found
2021-02-02 18:23:31,959 [WARN] ApiManager:274 - Cannot register API 'Board Extension:S2868A1' from pack STMicroelectronics.X-CUBE-SUBG2.2.0.0: no header file found
2021-02-02 18:23:31,960 [WARN] ApiManager:274 - Cannot register API 'Board Extension:S2868A2' from pack STMicroelectronics.X-CUBE-SUBG2.2.0.0: no header file found
2021-02-02 18:23:31,960 [WARN] ApiManager:274 - Cannot register API 'Board Extension:S2915A1' from pack STMicroelectronics.X-CUBE-SUBG2.2.0.0: no header file found
2021-02-02 18:23:31,961 [WARN] ApiManager:274 - Cannot register API 'Wireless:BlueNRG-MS' from pack STMicroelectronics.X-CUBE-BLE1.6.0.0: no header file found
2021-02-02 18:23:31,962 [WARN] ApiManager:274 - Cannot register API 'Wireless:BlueNRG-MS' from pack STMicroelectronics.X-CUBE-BLE1.6.1.0: no header file found
2021-02-02 18:23:31,964 [WARN] ApiManager:274 - Cannot register API 'Board Extension:NFC04A1' from pack STMicroelectronics.X-CUBE-NFC4.2.0.1: no header file found
2021-02-02 18:23:31,966 [WARN] ApiManager:274 - Cannot register API 'Wireless:BlueNRG-2' from pack STMicroelectronics.X-CUBE-BLE2.3.0.0: no header file found
2021-02-02 18:23:31,967 [WARN] ApiManager:274 - Cannot register API 'Wireless:BlueNRG-2' from pack STMicroelectronics.X-CUBE-BLE2.3.1.0: no header file found
2021-02-02 18:23:33,984 [INFO] UtilMem:74 - End LoadConfig() Used Memory: 450517216 Bytes (908066816)
2021-02-02 18:23:33,988 [WARN] ThirdParty:741 - waiting for thirdparty lock release [change project]
2021-02-02 18:23:33,988 [INFO] ThirdParty:743 - entering critical section [change project]
2021-02-02 18:23:33,988 [INFO] ThirdParty:968 - CMSIS Pack Vendor :STMicroelectronics USB_HOST 2.0.0
2021-02-02 18:23:33,988 [INFO] ThirdParty:968 - CMSIS Pack Vendor :STMicroelectronics X-CUBE-SUBG2 3.0.1
2021-02-02 18:23:33,989 [INFO] ThirdParty:968 - CMSIS Pack Vendor :STMicroelectronics X-CUBE-SUBG2 3.0.0
2021-02-02 18:23:33,989 [INFO] ThirdParty:968 - CMSIS Pack Vendor :STMicroelectronics USB_DEVICE 3.0.0
2021-02-02 18:23:33,989 [INFO] ThirdParty:968 - CMSIS Pack Vendor :STMicroelectronics MBEDTLS 2.16.2
2021-02-02 18:23:33,989 [INFO] ThirdParty:968 - CMSIS Pack Vendor :STMicroelectronics X-CUBE-SFXS2LP1 2.0.0
2021-02-02 18:23:33,989 [INFO] ThirdParty:968 - CMSIS Pack Vendor :STMicroelectronics MBEDTLS 2.14.1
2021-02-02 18:23:33,989 [INFO] ThirdParty:968 - CMSIS Pack Vendor :STMicroelectronics USB_DEVICE 2.0.0
2021-02-02 18:23:33,990 [INFO] ThirdParty:968 - CMSIS Pack Vendor :STMicroelectronics X-CUBE-MEMS1 8.1.1
2021-02-02 18:23:33,990 [INFO] ThirdParty:968 - CMSIS Pack Vendor :STMicroelectronics X-CUBE-MEMS1 8.2.0
2021-02-02 18:23:33,990 [INFO] ThirdParty:968 - CMSIS Pack Vendor :STMicroelectronics X-CUBE-EEPRMA1 3.0.0
2021-02-02 18:23:33,990 [INFO] ThirdParty:968 - CMSIS Pack Vendor :STMicroelectronics X-CUBE-MEMS1 8.0.0
2021-02-02 18:23:33,990 [INFO] ThirdParty:968 - CMSIS Pack Vendor :STMicroelectronics X-CUBE-DISPLAY 1.0.0
2021-02-02 18:23:33,990 [INFO] ThirdParty:968 - CMSIS Pack Vendor :STMicroelectronics X-CUBE-MEMS1 8.1.0
2021-02-02 18:23:33,991 [INFO] ThirdParty:968 - CMSIS Pack Vendor :STMicroelectronics FreeRTOS 0.0.1
2021-02-02 18:23:33,991 [INFO] ThirdParty:968 - CMSIS Pack Vendor :STMicroelectronics USB_DEVICE 1.0.0
2021-02-02 18:23:33,991 [INFO] ThirdParty:968 - CMSIS Pack Vendor :STMicroelectronics X-CUBE-BLE2 2.0.0
2021-02-02 18:23:33,991 [INFO] ThirdParty:968 - CMSIS Pack Vendor :STMicroelectronics X-CUBE-ALGOBUILD 1.1.0
2021-02-02 18:23:33,992 [INFO] ThirdParty:968 - CMSIS Pack Vendor :STMicroelectronics X-CUBE-GNSS1 5.0.0
2021-02-02 18:23:33,992 [INFO] ThirdParty:968 - CMSIS Pack Vendor :STMicroelectronics X-CUBE-GNSS1 5.1.0
2021-02-02 18:23:33,992 [INFO] ThirdParty:968 - CMSIS Pack Vendor :STMicroelectronics X-CUBE-SUBG2 2.0.0
2021-02-02 18:23:33,992 [INFO] ThirdParty:968 - CMSIS Pack Vendor :STMicroelectronics X-CUBE-BLE1 6.0.0
2021-02-02 18:23:33,992 [INFO] ThirdParty:968 - CMSIS Pack Vendor :STMicroelectronics X-CUBE-BLE1 6.1.0
2021-02-02 18:23:33,993 [INFO] ThirdParty:968 - CMSIS Pack Vendor :STMicroelectronics lwIP 2.0.3
2021-02-02 18:23:33,993 [INFO] ThirdParty:968 - CMSIS Pack Vendor :STMicroelectronics lwIP 2.1.2
2021-02-02 18:23:33,993 [INFO] ThirdParty:968 - CMSIS Pack Vendor :STMicroelectronics USB_HOST 1.0.0
2021-02-02 18:23:33,993 [INFO] ThirdParty:968 - CMSIS Pack Vendor :STMicroelectronics X-CUBE-TOUCHGFX 4.15.0
2021-02-02 18:23:33,993 [INFO] ThirdParty:968 - CMSIS Pack Vendor :STMicroelectronics X-CUBE-TOUCHGFX 4.14.0
2021-02-02 18:23:33,993 [INFO] ThirdParty:968 - CMSIS Pack Vendor :STMicroelectronics X-CUBE-AI 5.2.0
2021-02-02 18:23:33,993 [INFO] ThirdParty:968 - CMSIS Pack Vendor :STMicroelectronics X-CUBE-NFC4 2.0.1
2021-02-02 18:23:33,994 [INFO] ThirdParty:968 - CMSIS Pack Vendor :STMicroelectronics X-CUBE-AI 5.1.2
2021-02-02 18:23:33,994 [INFO] ThirdParty:968 - CMSIS Pack Vendor :STMicroelectronics X-CUBE-NFC4 2.0.0
2021-02-02 18:23:33,994 [INFO] ThirdParty:968 - CMSIS Pack Vendor :STMicroelectronics PDM2PCM 3.1.0
2021-02-02 18:23:33,994 [INFO] ThirdParty:968 - CMSIS Pack Vendor :STMicroelectronics X-CUBE-BLE2 3.0.0
2021-02-02 18:23:33,994 [INFO] ThirdParty:968 - CMSIS Pack Vendor :STMicroelectronics X-CUBE-TOUCHGFX 4.16.0
2021-02-02 18:23:33,994 [INFO] ThirdParty:968 - CMSIS Pack Vendor :STMicroelectronics PDM2PCM 3.2.0
2021-02-02 18:23:33,994 [INFO] ThirdParty:968 - CMSIS Pack Vendor :STMicroelectronics X-CUBE-BLE2 3.1.0
2021-02-02 18:23:33,995 [INFO] ThirdParty:968 - CMSIS Pack Vendor :STMicroelectronics PDM2PCM 3.3.0
2021-02-02 18:23:33,995 [INFO] ThirdParty:749 - exiting critical section [change project]
2021-02-02 18:23:34,679 [INFO] PinOutPanel:1418 - setPackage(No Configuration,No Configuration)
2021-02-02 18:23:34,682 [INFO] PinOutPanel:1418 - setPackage(STM32F072C8Tx,LQFP48)
2021-02-02 18:23:37,276 [INFO] UtilMem:74 - Before build in PCC Used Memory: 434035792 Bytes (908066816)
2021-02-02 18:23:38,399 [INFO] SharedServices:71 - Folder for power plug-in: C:/Users/Михаил/.stm32cubemx/plugins/power
2021-02-02 18:23:38,484 [INFO] SharedServices:71 - Folder for power plug-in: C:/Users/Михаил/.stm32cubemx/plugins/power
2021-02-02 18:23:38,556 [INFO] SharedServices:71 - Folder for power plug-in: C:/Users/Михаил/.stm32cubemx/plugins/power
2021-02-02 18:23:38,566 [INFO] SharedServices:71 - Folder for power plug-in: C:/Users/Михаил/.stm32cubemx/plugins/power
2021-02-02 18:23:38,961 [INFO] UtilMem:74 - After build in PCC Used Memory: 489610320 Bytes (908066816)
2021-02-02 18:23:38,997 [INFO] IPUIPlugin:64 - create IPUIPlugin
2021-02-02 18:23:38,997 [INFO] IPUIPlugin:64 - create IPUIPlugin
2021-02-02 18:23:38,998 [INFO] IPUIPlugin:64 - create IPUIPlugin
2021-02-02 18:23:38,998 [INFO] IPUIPlugin:64 - create IPUIPlugin
2021-02-02 18:23:38,998 [INFO] IPUIPlugin:64 - create IPUIPlugin
2021-02-02 18:23:38,999 [INFO] IPUIPlugin:64 - create IPUIPlugin
2021-02-02 18:23:38,999 [INFO] IPUIPlugin:64 - create IPUIPlugin
2021-02-02 18:23:38,999 [INFO] IPUIPlugin:64 - create IPUIPlugin
2021-02-02 18:23:39,000 [INFO] IPUIPlugin:64 - create IPUIPlugin
2021-02-02 18:23:39,000 [INFO] IPUIPlugin:64 - create IPUIPlugin
2021-02-02 18:23:39,000 [INFO] IPUIPlugin:64 - create IPUIPlugin
2021-02-02 18:23:39,001 [INFO] IPUIPlugin:64 - create IPUIPlugin
2021-02-02 18:23:39,001 [INFO] IPUIPlugin:64 - create IPUIPlugin
2021-02-02 18:23:39,001 [INFO] IPUIPlugin:64 - create IPUIPlugin
2021-02-02 18:23:39,001 [INFO] IPUIPlugin:64 - create IPUIPlugin
2021-02-02 18:23:39,002 [INFO] IPUIPlugin:64 - create IPUIPlugin
2021-02-02 18:23:39,002 [INFO] IPUIPlugin:64 - create IPUIPlugin
2021-02-02 18:23:39,003 [INFO] IPUIPlugin:64 - create IPUIPlugin
2021-02-02 18:23:39,003 [INFO] IPUIPlugin:64 - create IPUIPlugin
2021-02-02 18:23:39,003 [INFO] IPUIPlugin:64 - create IPUIPlugin
2021-02-02 18:23:39,004 [INFO] IPUIPlugin:64 - create IPUIPlugin
2021-02-02 18:23:39,004 [INFO] IPUIPlugin:64 - create IPUIPlugin
2021-02-02 18:23:39,005 [INFO] IPUIPlugin:64 - create IPUIPlugin
2021-02-02 18:23:39,005 [INFO] IPUIPlugin:64 - create IPUIPlugin
2021-02-02 18:23:39,006 [INFO] IPUIPlugin:64 - create IPUIPlugin
2021-02-02 18:23:39,006 [INFO] IPUIPlugin:64 - create IPUIPlugin
2021-02-02 18:23:39,006 [INFO] IPUIPlugin:64 - create IPUIPlugin
2021-02-02 18:23:39,007 [INFO] IPUIPlugin:64 - create IPUIPlugin
2021-02-02 18:23:39,007 [INFO] IPUIPlugin:64 - create IPUIPlugin
2021-02-02 18:23:39,008 [INFO] IPUIPlugin:64 - create IPUIPlugin
2021-02-02 18:23:39,008 [INFO] IPUIPlugin:64 - create IPUIPlugin
2021-02-02 18:23:39,008 [INFO] IPUIPlugin:64 - create IPUIPlugin
2021-02-02 18:23:39,009 [INFO] IPUIPlugin:64 - create IPUIPlugin
2021-02-02 18:23:39,009 [INFO] IPUIPlugin:64 - create IPUIPlugin
2021-02-02 18:23:39,010 [INFO] IPUIPlugin:64 - create IPUIPlugin
2021-02-02 18:23:39,010 [INFO] IPUIPlugin:64 - create IPUIPlugin
2021-02-02 18:23:39,011 [INFO] IPUIPlugin:64 - create IPUIPlugin
2021-02-02 18:23:39,011 [INFO] IPUIPlugin:64 - create IPUIPlugin
2021-02-02 18:23:39,011 [INFO] IPUIPlugin:64 - create IPUIPlugin
2021-02-02 18:23:39,012 [INFO] IPUIPlugin:64 - create IPUIPlugin
2021-02-02 18:23:39,012 [INFO] IPUIPlugin:64 - create IPUIPlugin
2021-02-02 18:23:39,118 [INFO] LogOutputStream:76 - [STDOUT_REDIRECT] toolchainItems.length=====1
2021-02-02 18:23:39,595 [INFO] OpenFileManager:294 - Restore cursor
2021-02-02 18:23:40,228 [INFO] UtilMem:74 - End SaveConfig() Used Memory: 554371144 Bytes (908066816)
2021-02-02 18:23:40,311 [INFO] UtilMem:74 - End SaveConfig() Used Memory: 560032072 Bytes (908066816)
2021-02-02 18:23:41,227 [INFO] BlockDiagram:2729 - set Specific Code input for plugin: NVIC
2021-02-02 18:23:41,228 [INFO] BlockDiagram:2729 - set Specific Code input for plugin: SYS
2021-02-02 18:23:41,228 [INFO] BlockDiagram:2729 - set Specific Code input for plugin: RCC
2021-02-02 18:23:41,230 [INFO] CodeGenerator:622 - code generatio: config db path: C:\ST\STM32CubeIDE_1.4.0\STM32CubeIDE\plugins\com.st.stm32cube.common.mx_6.0.1.202008101643\\db\
2021-02-02 18:23:42,037 [INFO] CodeEngine:188 - oldGeneratedFile, C:\Video\GPIO\GPIO_2\MXTmpFiles\license.tmp_save
2021-02-02 18:23:43,162 [INFO] CodeEngine:206 - Generated code: C:\Video\GPIO\GPIO_2\MXTmpFiles\license.tmp
2021-02-02 18:23:43,609 [INFO] CodeEngine:188 - oldGeneratedFile, C:\Video\GPIO\GPIO_2\Core\Src\stm32f0xx_it.c_save
2021-02-02 18:23:43,845 [INFO] CodeEngine:206 - Generated code: C:\Video\GPIO\GPIO_2\Core\Src\stm32f0xx_it.c
2021-02-02 18:23:43,879 [INFO] CodeEngine:188 - oldGeneratedFile, C:\Video\GPIO\GPIO_2\Core\Inc\stm32f0xx_it.h_save
2021-02-02 18:23:44,021 [INFO] CodeEngine:206 - Generated code: C:\Video\GPIO\GPIO_2\Core\Inc\stm32f0xx_it.h
2021-02-02 18:23:44,086 [INFO] CodeEngine:188 - oldGeneratedFile, C:\Video\GPIO\GPIO_2\Core\Src\stm32f0xx_hal_msp.c_save
2021-02-02 18:23:44,306 [INFO] CodeEngine:206 - Generated code: C:\Video\GPIO\GPIO_2\Core\Src\stm32f0xx_hal_msp.c
2021-02-02 18:23:44,331 [INFO] CodeEngine:188 - oldGeneratedFile, C:\Video\GPIO\GPIO_2\MXTmpFiles\system.tmp_save
2021-02-02 18:23:44,467 [INFO] CodeEngine:206 - Generated code: C:\Video\GPIO\GPIO_2\MXTmpFiles\system.tmp
2021-02-02 18:23:44,495 [INFO] CodeEngine:188 - oldGeneratedFile, C:\Video\GPIO\GPIO_2\Core\Inc\stm32f0xx_hal_conf.h_save
2021-02-02 18:23:44,731 [INFO] CodeEngine:206 - Generated code: C:\Video\GPIO\GPIO_2\Core\Inc\stm32f0xx_hal_conf.h
2021-02-02 18:23:44,937 [INFO] CodeEngine:188 - oldGeneratedFile, C:\Video\GPIO\GPIO_2\Core\Inc\main.h_save
2021-02-02 18:23:45,134 [INFO] CodeEngine:206 - Generated code: C:\Video\GPIO\GPIO_2\Core\Inc\main.h
2021-02-02 18:23:45,150 [INFO] CodeEngine:188 - oldGeneratedFile, C:\Video\GPIO\GPIO_2\Core\Src\main.c_save
2021-02-02 18:23:46,096 [INFO] CodeEngine:206 - Generated code: C:\Video\GPIO\GPIO_2\Core\Src\main.c
2021-02-02 18:23:49,733 [INFO] ProjectBuilder:2168 - Time for Copy HAL[1] : 766mS.
2021-02-02 18:23:49,757 [INFO] ProjectBuilder:2988 - Project Generator version: 3.10.0-B14
2021-02-02 18:23:50,645 [INFO] ConfigFileManager:1183 - The Die is : DIE448
2021-02-02 18:23:50,694 [INFO] ApiDbMcu:456 - Load IP Config File for FATFS
2021-02-02 18:23:50,712 [INFO] ApiDbMcu:456 - Load IP Config File for FREERTOS
2021-02-02 18:23:50,746 [INFO] ApiDbMcu:456 - Load IP Config File for TOUCHSENSING
2021-02-02 18:23:50,773 [INFO] ApiDbMcu:456 - Load IP Config File for USB_DEVICE
2021-02-02 18:24:15,207 [ERROR] root:96 - SUCCESS
2021-02-02 18:24:15,712 [INFO] ProjectBuilder:3155 - Time for Generating toolchain IDE Files: 25955mS.
2021-02-02 18:24:15,713 [INFO] ProjectBuilder:2044 - Time for Copy CMSIS : 1mS.
2021-02-02 18:24:15,715 [INFO] ProjectBuilder:2044 - Time for Copy CMSIS : 0mS.
2021-02-02 18:24:21,857 [INFO] ApiDb:226 - Save user favorites file C:\Users\Михаил/.stm32cubeide/favorites.mcus.txt: 0 item(s)
2021-02-02 18:24:22,179 [INFO] ApiDb:230 - User favorites MCUs=[]
2021-02-02 18:25:00,595 [INFO] UtilMem:74 - End SaveConfig() Used Memory: 783588048 Bytes (1034944512)
2021-02-02 18:25:04,643 [INFO] UtilMem:74 - End SaveConfig() Used Memory: 856988368 Bytes (1034944512)
2021-02-02 18:25:05,254 [INFO] BlockDiagram:2729 - set Specific Code input for plugin: NVIC
2021-02-02 18:25:05,254 [INFO] BlockDiagram:2729 - set Specific Code input for plugin: SYS
2021-02-02 18:25:05,255 [INFO] BlockDiagram:2729 - set Specific Code input for plugin: GPIO
2021-02-02 18:25:05,255 [INFO] BlockDiagram:2729 - set Specific Code input for plugin: RCC
2021-02-02 18:25:05,256 [INFO] CodeGenerator:622 - code generatio: config db path: C:\ST\STM32CubeIDE_1.4.0\STM32CubeIDE\plugins\com.st.stm32cube.common.mx_6.0.1.202008101643\\db\
2021-02-02 18:25:05,832 [INFO] CodeEngine:188 - oldGeneratedFile, C:\Video\GPIO\GPIO_2\MXTmpFiles\license.tmp_save
2021-02-02 18:25:05,972 [INFO] CodeEngine:206 - Generated code: C:\Video\GPIO\GPIO_2\MXTmpFiles\license.tmp
2021-02-02 18:25:06,178 [INFO] CodeEngine:188 - oldGeneratedFile, C:\Video\GPIO\GPIO_2\MXTmpFiles\gpio.tmp_save
2021-02-02 18:25:06,315 [INFO] CodeEngine:206 - Generated code: C:\Video\GPIO\GPIO_2\MXTmpFiles\gpio.tmp
2021-02-02 18:25:06,352 [INFO] CodeEngine:188 - oldGeneratedFile, C:\Video\GPIO\GPIO_2\Core\Src\stm32f0xx_it.c_save
2021-02-02 18:25:06,520 [INFO] CodeEngine:206 - Generated code: C:\Video\GPIO\GPIO_2\Core\Src\stm32f0xx_it.c
2021-02-02 18:25:06,532 [INFO] CodeEngine:188 - oldGeneratedFile, C:\Video\GPIO\GPIO_2\Core\Inc\stm32f0xx_it.h_save
2021-02-02 18:25:06,663 [INFO] CodeEngine:206 - Generated code: C:\Video\GPIO\GPIO_2\Core\Inc\stm32f0xx_it.h
2021-02-02 18:25:06,680 [INFO] CodeEngine:188 - oldGeneratedFile, C:\Video\GPIO\GPIO_2\Core\Src\stm32f0xx_hal_msp.c_save
2021-02-02 18:25:06,866 [INFO] CodeEngine:206 - Generated code: C:\Video\GPIO\GPIO_2\Core\Src\stm32f0xx_hal_msp.c
2021-02-02 18:25:06,877 [INFO] CodeEngine:188 - oldGeneratedFile, C:\Video\GPIO\GPIO_2\MXTmpFiles\system.tmp_save
2021-02-02 18:25:06,993 [INFO] CodeEngine:206 - Generated code: C:\Video\GPIO\GPIO_2\MXTmpFiles\system.tmp
2021-02-02 18:25:07,005 [INFO] CodeEngine:188 - oldGeneratedFile, C:\Video\GPIO\GPIO_2\Core\Inc\stm32f0xx_hal_conf.h_save
2021-02-02 18:25:07,139 [INFO] CodeEngine:206 - Generated code: C:\Video\GPIO\GPIO_2\Core\Inc\stm32f0xx_hal_conf.h
2021-02-02 18:25:07,165 [WARN] IPConfigManager:2884 - IP not found : gpio
2021-02-02 18:25:07,166 [WARN] CodeGenerator:2866 - IP not found : gpio
2021-02-02 18:25:07,177 [INFO] CodeEngine:188 - oldGeneratedFile, C:\Video\GPIO\GPIO_2\Core\Inc\main.h_save
2021-02-02 18:25:07,314 [INFO] CodeEngine:206 - Generated code: C:\Video\GPIO\GPIO_2\Core\Inc\main.h
2021-02-02 18:25:07,327 [INFO] CodeEngine:188 - oldGeneratedFile, C:\Video\GPIO\GPIO_2\Core\Src\main.c_save
2021-02-02 18:25:07,519 [INFO] CodeEngine:206 - Generated code: C:\Video\GPIO\GPIO_2\Core\Src\main.c
2021-02-02 18:25:08,703 [INFO] ProjectBuilder:2168 - Time for Copy HAL[1] : 94mS.
2021-02-02 18:25:08,708 [INFO] ProjectBuilder:2988 - Project Generator version: 3.10.0-B14
2021-02-02 18:25:11,833 [INFO] ConfigFileManager:1183 - The Die is : DIE448
2021-02-02 18:25:19,808 [INFO] ProjectBuilder:3155 - Time for Generating toolchain IDE Files: 11100mS.
2021-02-02 18:25:19,809 [INFO] ProjectBuilder:2044 - Time for Copy CMSIS : 1mS.
2021-02-02 18:25:19,811 [INFO] ProjectBuilder:2044 - Time for Copy CMSIS : 0mS.
